file=online`t=2020-02-22 13:19:43`server_id=10001`num=0
service=ny`t=2020-02-22 13:20:00`server_id=10001`uid=0`rid=0`lv=0`role_desc=`system=xs_task`action=issue`a1=sys`a2=`a3=`a4=40`a5=1141000
file=login`t=2020-02-22 13:21:21`server_id=10001`rid=1000100000000008`name=班瀛`account=gdc
file=logout`t=2020-02-22 13:21:21`server_id=10001`rid=1000100000000008`name=班瀛`account=gdc
file=online`t=2020-02-22 13:24:39`server_id=10001`num=0
file=login`t=2020-02-22 13:24:53`server_id=10001`rid=1000100000000008`name=班瀛`account=gdc
file=logout`t=2020-02-22 13:24:53`server_id=10001`rid=1000100000000008`name=班瀛`account=gdc
service=ny`t=2020-02-22 13:24:56`server_id=10001`uid=0`rid=0`lv=0`role_desc=`system=xs_task`action=issue`a1=sys`a2=`a3=`a4=60`a5=1143000
file=online`t=2020-02-22 13:26:22`server_id=10001`num=0
file=login`t=2020-02-22 13:26:35`server_id=10001`rid=1000100000000008`name=班瀛`account=gdc
service=ny`t=2020-02-22 13:26:39`server_id=10001`uid=0`rid=0`lv=0`role_desc=`system=xs_task`action=issue`a1=sys`a2=`a3=`a4=70`a5=1144000
file=item_log`t=2020-02-22 13:26:53`server_id=10001`rid=1000100000000008`lv=1`activity_type=pay`activity=create_role_reward`state=1`item_type=89001`item_id=0`item_num=38888`coin_type=`coin_num=
file=item_log`t=2020-02-22 13:26:53`server_id=10001`rid=1000100000000008`lv=1`activity_type=pay`activity=create_role_reward`state=1`item_type=89000`item_id=0`item_num=10000000`coin_type=`coin_num=
file=item_log`t=2020-02-22 13:26:53`server_id=10001`rid=1000100000000008`lv=1`activity_type=pay`activity=create_role_reward`state=1`item_type=60063`item_id=1000100000000080`item_num=688`coin_type=`coin_num=
file=item_log`t=2020-02-22 13:26:53`server_id=10001`rid=1000100000000008`lv=1`activity_type=pay`activity=create_role_reward`state=1`item_type=50038`item_id=1000100000000081`item_num=188`coin_type=`coin_num=
file=item_log`t=2020-02-22 13:26:53`server_id=10001`rid=1000100000000008`lv=1`activity_type=pay`activity=create_role_reward`state=1`item_type=50307`item_id=1000100000000082`item_num=68`coin_type=`coin_num=
file=item_log`t=2020-02-22 13:26:53`server_id=10001`rid=1000100000000008`lv=1`activity_type=pay`activity=create_role_reward`state=1`item_type=70011`item_id=1000100000000083`item_num=18`coin_type=`coin_num=
file=item_log`t=2020-02-22 13:28:40`server_id=10001`rid=1000100000000008`lv=1`activity_type=undefined`activity=undefined`state=1`item_type=20043`item_id=1000100000000084`item_num=10`coin_type=`coin_num=
file=online`t=2020-02-22 13:31:22`server_id=10001`num=1
file=logout`t=2020-02-22 13:34:04`server_id=10001`rid=1000100000000008`name=班瀛`account=gdc
file=online`t=2020-02-22 13:35:10`server_id=10001`num=0
file=login`t=2020-02-22 13:35:23`server_id=10001`rid=1000100000000008`name=班瀛`account=gdc
service=ny`t=2020-02-22 13:35:26`server_id=10001`uid=0`rid=0`lv=0`role_desc=`system=xs_task`action=issue`a1=sys`a2=`a3=`a4=40`a5=1141000
file=item_log`t=2020-02-22 13:35:34`server_id=10001`rid=1000100000000008`lv=1`activity_type=pay`activity=create_role_reward`state=1`item_type=89001`item_id=0`item_num=38888`coin_type=`coin_num=
file=item_log`t=2020-02-22 13:35:34`server_id=10001`rid=1000100000000008`lv=1`activity_type=pay`activity=create_role_reward`state=1`item_type=89000`item_id=0`item_num=10000000`coin_type=`coin_num=
file=item_log`t=2020-02-22 13:35:34`server_id=10001`rid=1000100000000008`lv=1`activity_type=pay`activity=create_role_reward`state=1`item_type=60063`item_id=1000100000000080`item_num=688`coin_type=`coin_num=
file=item_log`t=2020-02-22 13:35:34`server_id=10001`rid=1000100000000008`lv=1`activity_type=pay`activity=create_role_reward`state=1`item_type=50038`item_id=1000100000000081`item_num=188`coin_type=`coin_num=
file=item_log`t=2020-02-22 13:35:34`server_id=10001`rid=1000100000000008`lv=1`activity_type=pay`activity=create_role_reward`state=1`item_type=50307`item_id=1000100000000082`item_num=68`coin_type=`coin_num=
file=item_log`t=2020-02-22 13:35:35`server_id=10001`rid=1000100000000008`lv=1`activity_type=pay`activity=create_role_reward`state=1`item_type=70011`item_id=1000100000000083`item_num=18`coin_type=`coin_num=
file=logout`t=2020-02-22 13:38:39`server_id=10001`rid=1000100000000008`name=班瀛`account=gdc
file=login`t=2020-02-22 13:38:41`server_id=10001`rid=1000100000000008`name=班瀛`account=gdc
file=online`t=2020-02-22 13:40:10`server_id=10001`num=1
file=online`t=2020-02-22 13:45:21`server_id=10001`num=0
file=login`t=2020-02-22 13:45:33`server_id=10001`rid=1000100000000008`name=班瀛`account=gdc
service=ny`t=2020-02-22 13:45:37`server_id=10001`uid=0`rid=0`lv=0`role_desc=`system=xs_task`action=issue`a1=sys`a2=`a3=`a4=40`a5=1141000
file=item_log`t=2020-02-22 13:45:50`server_id=10001`rid=1000100000000008`lv=1`activity_type=pay`activity=create_role_reward`state=1`item_type=89001`item_id=0`item_num=38888`coin_type=`coin_num=
file=item_log`t=2020-02-22 13:45:50`server_id=10001`rid=1000100000000008`lv=1`activity_type=pay`activity=create_role_reward`state=1`item_type=89000`item_id=0`item_num=10000000`coin_type=`coin_num=
file=item_log`t=2020-02-22 13:45:50`server_id=10001`rid=1000100000000008`lv=1`activity_type=pay`activity=create_role_reward`state=1`item_type=60063`item_id=1000100000000080`item_num=688`coin_type=`coin_num=
file=item_log`t=2020-02-22 13:45:50`server_id=10001`rid=1000100000000008`lv=1`activity_type=pay`activity=create_role_reward`state=1`item_type=50038`item_id=1000100000000081`item_num=188`coin_type=`coin_num=
file=item_log`t=2020-02-22 13:45:50`server_id=10001`rid=1000100000000008`lv=1`activity_type=pay`activity=create_role_reward`state=1`item_type=50307`item_id=1000100000000082`item_num=68`coin_type=`coin_num=
file=item_log`t=2020-02-22 13:45:50`server_id=10001`rid=1000100000000008`lv=1`activity_type=pay`activity=create_role_reward`state=1`item_type=70011`item_id=1000100000000083`item_num=18`coin_type=`coin_num=
file=online`t=2020-02-22 13:50:21`server_id=10001`num=1
file=online`t=2020-02-22 13:55:21`server_id=10001`num=1
