file=online`t=2020-02-22 14:00:21`server_id=10001`num=1
file=online`t=2020-02-22 14:05:21`server_id=10001`num=1
file=item_log`t=2020-02-22 14:05:48`server_id=10001`rid=1000100000000008`lv=1`activity_type=undefined`activity=undefined`state=1`item_type=20046`item_id=1000100000000085`item_num=12`coin_type=`coin_num=
service=ny`t=2020-02-22 14:09:38`server_id=10001`uid=0`rid=0`lv=0`role_desc=`system=xs_task`action=issue`a1=sys`a2=`a3=`a4=50`a5=1142000
file=online`t=2020-02-22 14:10:21`server_id=10001`num=1
file=online`t=2020-02-22 14:15:21`server_id=10001`num=1
file=online`t=2020-02-22 14:20:21`server_id=10001`num=1
file=online`t=2020-02-22 14:25:21`server_id=10001`num=1
file=online`t=2020-02-22 14:30:21`server_id=10001`num=1
service=ny`t=2020-02-22 14:33:39`server_id=10001`uid=0`rid=0`lv=0`role_desc=`system=xs_task`action=issue`a1=sys`a2=`a3=`a4=40`a5=1141000
file=online`t=2020-02-22 14:35:21`server_id=10001`num=1
file=online`t=2020-02-22 14:40:21`server_id=10001`num=1
file=online`t=2020-02-22 14:45:21`server_id=10001`num=1
file=online`t=2020-02-22 14:50:21`server_id=10001`num=1
file=online`t=2020-02-22 14:51:02`server_id=10001`num=0
service=ny`t=2020-02-22 14:51:19`server_id=10001`uid=0`rid=0`lv=0`role_desc=`system=xs_task`action=issue`a1=sys`a2=`a3=`a4=40`a5=1141000
file=login`t=2020-02-22 14:51:25`server_id=10001`rid=1000100000000008`name=班瀛`account=gdc
file=item_log`t=2020-02-22 14:51:36`server_id=10001`rid=1000100000000008`lv=1`activity_type=pay`activity=create_role_reward`state=1`item_type=89001`item_id=0`item_num=38888`coin_type=`coin_num=
file=item_log`t=2020-02-22 14:51:36`server_id=10001`rid=1000100000000008`lv=1`activity_type=pay`activity=create_role_reward`state=1`item_type=89000`item_id=0`item_num=10000000`coin_type=`coin_num=
file=item_log`t=2020-02-22 14:51:36`server_id=10001`rid=1000100000000008`lv=1`activity_type=pay`activity=create_role_reward`state=1`item_type=60063`item_id=1000100000000080`item_num=688`coin_type=`coin_num=
file=item_log`t=2020-02-22 14:51:36`server_id=10001`rid=1000100000000008`lv=1`activity_type=pay`activity=create_role_reward`state=1`item_type=50038`item_id=1000100000000081`item_num=188`coin_type=`coin_num=
file=item_log`t=2020-02-22 14:51:36`server_id=10001`rid=1000100000000008`lv=1`activity_type=pay`activity=create_role_reward`state=1`item_type=50307`item_id=1000100000000082`item_num=68`coin_type=`coin_num=
file=item_log`t=2020-02-22 14:51:36`server_id=10001`rid=1000100000000008`lv=1`activity_type=pay`activity=create_role_reward`state=1`item_type=70011`item_id=1000100000000083`item_num=18`coin_type=`coin_num=
file=logout`t=2020-02-22 14:52:08`server_id=10001`rid=1000100000000008`name=班瀛`account=gdc
file=online`t=2020-02-22 14:56:02`server_id=10001`num=0
