file=online`t=2020-02-21 12:00:16`server_id=10001`num=0
service=ny`t=2020-02-21 12:00:32`server_id=10001`uid=0`rid=0`lv=0`role_desc=`system=xs_task`action=issue`a1=sys`a2=`a3=`a4=50`a5=1142000
file=online`t=2020-02-21 12:02:54`server_id=10001`num=0
file=login`t=2020-02-21 12:03:04`server_id=10001`rid=1000100000000008`name=班瀛`account=gdc
file=logout`t=2020-02-21 12:03:05`server_id=10001`rid=1000100000000008`name=班瀛`account=gdc
service=ny`t=2020-02-21 12:03:10`server_id=10001`uid=0`rid=0`lv=0`role_desc=`system=xs_task`action=issue`a1=sys`a2=`a3=`a4=50`a5=1142000
file=online`t=2020-02-21 12:06:08`server_id=10001`num=0
file=login`t=2020-02-21 12:06:10`server_id=10001`rid=1000100000000008`name=班瀛`account=gdc
file=logout`t=2020-02-21 12:06:11`server_id=10001`rid=1000100000000008`name=班瀛`account=gdc
file=online`t=2020-02-21 12:10:34`server_id=10001`num=0
file=login`t=2020-02-21 12:10:41`server_id=10001`rid=1000100000000008`name=班瀛`account=gdc
file=logout`t=2020-02-21 12:10:41`server_id=10001`rid=1000100000000008`name=班瀛`account=gdc
file=online`t=2020-02-21 12:16:18`server_id=10001`num=0
file=login`t=2020-02-21 12:16:30`server_id=10001`rid=1000100000000008`name=班瀛`account=gdc
service=ny`t=2020-02-21 12:16:34`server_id=10001`uid=0`rid=0`lv=0`role_desc=`system=xs_task`action=issue`a1=sys`a2=`a3=`a4=40`a5=1141000
file=item_log`t=2020-02-21 12:16:48`server_id=10001`rid=1000100000000008`lv=1`activity_type=pay`activity=create_role_reward`state=1`item_type=89001`item_id=0`item_num=38888`coin_type=`coin_num=
file=item_log`t=2020-02-21 12:16:48`server_id=10001`rid=1000100000000008`lv=1`activity_type=pay`activity=create_role_reward`state=1`item_type=89000`item_id=0`item_num=10000000`coin_type=`coin_num=
file=item_log`t=2020-02-21 12:16:48`server_id=10001`rid=1000100000000008`lv=1`activity_type=pay`activity=create_role_reward`state=1`item_type=60063`item_id=1000100000000080`item_num=688`coin_type=`coin_num=
file=item_log`t=2020-02-21 12:16:48`server_id=10001`rid=1000100000000008`lv=1`activity_type=pay`activity=create_role_reward`state=1`item_type=50038`item_id=1000100000000081`item_num=188`coin_type=`coin_num=
file=item_log`t=2020-02-21 12:16:48`server_id=10001`rid=1000100000000008`lv=1`activity_type=pay`activity=create_role_reward`state=1`item_type=50307`item_id=1000100000000082`item_num=68`coin_type=`coin_num=
file=item_log`t=2020-02-21 12:16:48`server_id=10001`rid=1000100000000008`lv=1`activity_type=pay`activity=create_role_reward`state=1`item_type=70011`item_id=1000100000000083`item_num=18`coin_type=`coin_num=
file=online`t=2020-02-21 12:21:18`server_id=10001`num=1
file=online`t=2020-02-21 12:26:18`server_id=10001`num=1
file=online`t=2020-02-21 12:31:18`server_id=10001`num=1
file=online`t=2020-02-21 12:36:18`server_id=10001`num=1
file=online`t=2020-02-21 12:37:54`server_id=10001`num=0
file=login`t=2020-02-21 12:38:02`server_id=10001`rid=1000100000000008`name=班瀛`account=gdc
file=logout`t=2020-02-21 12:38:02`server_id=10001`rid=1000100000000008`name=班瀛`account=gdc
service=ny`t=2020-02-21 12:38:10`server_id=10001`uid=0`rid=0`lv=0`role_desc=`system=xs_task`action=issue`a1=sys`a2=`a3=`a4=40`a5=1141000
