file=online`t=2020-02-17 14:10:28`server_id=10001`num=0
file=online`t=2020-02-17 14:15:28`server_id=10001`num=0
file=activity`t=2020-02-17 14:16:25`server_id=10001`rid=1000100000000006`activity_type=flash`activity=0
file=login`t=2020-02-17 14:16:26`server_id=10001`rid=1000100000000006`name=武佳惠`account=cj1
file=task`t=2020-02-17 14:16:43`rid=1000100000000006`lv=1`server_id=10001`activity_id=1021`action=1
file=task`t=2020-02-17 14:16:43`rid=1000100000000006`lv=1`server_id=10001`activity_id=1020`action=1
file=task`t=2020-02-17 14:16:43`rid=1000100000000006`lv=1`server_id=10001`activity_id=1019`action=1
file=task`t=2020-02-17 14:16:43`rid=1000100000000006`lv=1`server_id=10001`activity_id=1018`action=1
file=task`t=2020-02-17 14:16:43`rid=1000100000000006`lv=1`server_id=10001`activity_id=1017`action=1
file=task`t=2020-02-17 14:16:43`rid=1000100000000006`lv=1`server_id=10001`activity_id=1016`action=1
file=task`t=2020-02-17 14:16:43`rid=1000100000000006`lv=1`server_id=10001`activity_id=1015`action=1
file=task`t=2020-02-17 14:16:43`rid=1000100000000006`lv=1`server_id=10001`activity_id=1014`action=1
file=task`t=2020-02-17 14:16:43`rid=1000100000000006`lv=1`server_id=10001`activity_id=1013`action=1
file=task`t=2020-02-17 14:16:43`rid=1000100000000006`lv=1`server_id=10001`activity_id=1012`action=1
file=task`t=2020-02-17 14:16:43`rid=1000100000000006`lv=1`server_id=10001`activity_id=1011`action=1
file=task`t=2020-02-17 14:16:43`rid=1000100000000006`lv=1`server_id=10001`activity_id=1010`action=1
file=task`t=2020-02-17 14:16:43`rid=1000100000000006`lv=1`server_id=10001`activity_id=1009`action=1
file=task`t=2020-02-17 14:16:43`rid=1000100000000006`lv=1`server_id=10001`activity_id=1008`action=1
file=task`t=2020-02-17 14:16:43`rid=1000100000000006`lv=1`server_id=10001`activity_id=1007`action=1
file=task`t=2020-02-17 14:16:43`rid=1000100000000006`lv=1`server_id=10001`activity_id=1006`action=1
file=task`t=2020-02-17 14:16:43`rid=1000100000000006`lv=1`server_id=10001`activity_id=1005`action=1
file=task`t=2020-02-17 14:16:43`rid=1000100000000006`lv=1`server_id=10001`activity_id=1004`action=1
file=task`t=2020-02-17 14:16:43`rid=1000100000000006`lv=1`server_id=10001`activity_id=1003`action=1
file=task`t=2020-02-17 14:16:43`rid=1000100000000006`lv=1`server_id=10001`activity_id=1002`action=1
file=task`t=2020-02-17 14:16:43`rid=1000100000000006`lv=1`server_id=10001`activity_id=1001`action=1
file=task`t=2020-02-17 14:16:43`rid=1000100000000006`lv=1`server_id=10001`activity_id=1000046`action=1
file=task`t=2020-02-17 14:16:43`rid=1000100000000006`lv=1`server_id=10001`activity_id=1000046`action=2
file=item_log`t=2020-02-17 14:17:09`server_id=10001`rid=1000100000000006`lv=1`activity_type=pay`activity=create_role_reward`state=1`item_type=89001`item_id=0`item_num=38888`coin_type=`coin_num=
file=item_log`t=2020-02-17 14:17:09`server_id=10001`rid=1000100000000006`lv=1`activity_type=pay`activity=create_role_reward`state=1`item_type=89000`item_id=0`item_num=10000000`coin_type=`coin_num=
file=item_log`t=2020-02-17 14:17:09`server_id=10001`rid=1000100000000006`lv=1`activity_type=pay`activity=create_role_reward`state=1`item_type=60063`item_id=1000100000000044`item_num=688`coin_type=`coin_num=
file=item_log`t=2020-02-17 14:17:09`server_id=10001`rid=1000100000000006`lv=1`activity_type=pay`activity=create_role_reward`state=1`item_type=50038`item_id=1000100000000045`item_num=188`coin_type=`coin_num=
file=item_log`t=2020-02-17 14:17:09`server_id=10001`rid=1000100000000006`lv=1`activity_type=pay`activity=create_role_reward`state=1`item_type=50307`item_id=1000100000000046`item_num=68`coin_type=`coin_num=
file=item_log`t=2020-02-17 14:17:09`server_id=10001`rid=1000100000000006`lv=1`activity_type=pay`activity=create_role_reward`state=1`item_type=70011`item_id=1000100000000047`item_num=18`coin_type=`coin_num=
file=logout`t=2020-02-17 14:17:58`server_id=10001`rid=1000100000000006`name=武佳惠`account=cj1
file=login`t=2020-02-17 14:18:19`server_id=10001`rid=1000100000000006`name=武佳惠`account=cj1
file=logout`t=2020-02-17 14:19:09`server_id=10001`rid=1000100000000006`name=武佳惠`account=cj1
file=online`t=2020-02-17 14:20:28`server_id=10001`num=0
file=login`t=2020-02-17 14:22:09`server_id=10001`rid=1000100000000006`name=武佳惠`account=cj1
file=logout`t=2020-02-17 14:22:43`server_id=10001`rid=1000100000000006`name=武佳惠`account=cj1
file=online`t=2020-02-17 14:25:28`server_id=10001`num=0
file=online`t=2020-02-17 14:30:28`server_id=10001`num=0
service=ny`t=2020-02-17 14:34:29`server_id=10001`uid=0`rid=0`lv=0`role_desc=`system=xs_task`action=issue`a1=sys`a2=`a3=`a4=80`a5=1145000
file=online`t=2020-02-17 14:35:28`server_id=10001`num=0
file=online`t=2020-02-17 14:40:28`server_id=10001`num=0
file=online`t=2020-02-17 14:45:28`server_id=10001`num=0
file=online`t=2020-02-17 14:50:28`server_id=10001`num=0
file=online`t=2020-02-17 14:55:28`server_id=10001`num=0
service=ny`t=2020-02-17 14:58:30`server_id=10001`uid=0`rid=0`lv=0`role_desc=`system=xs_task`action=issue`a1=sys`a2=`a3=`a4=40`a5=1141000
