file=online`t=2020-02-17 11:26:16`server_id=10001`num=0
service=ny`t=2020-02-17 11:26:32`server_id=10001`uid=0`rid=0`lv=0`role_desc=`system=xs_task`action=issue`a1=sys`a2=`a3=`a4=40`a5=1141000
file=online`t=2020-02-17 11:31:16`server_id=10001`num=0
file=online`t=2020-02-17 11:34:51`server_id=10001`num=0
service=ny`t=2020-02-17 11:35:07`server_id=10001`uid=0`rid=0`lv=0`role_desc=`system=xs_task`action=issue`a1=sys`a2=`a3=`a4=50`a5=1142000
file=activity`t=2020-02-17 11:35:09`server_id=10001`rid=1000100000000003`activity_type=flash`activity=0
file=activity`t=2020-02-17 11:36:22`server_id=10001`rid=1000100000000004`activity_type=flash`activity=0
file=online`t=2020-02-17 11:39:51`server_id=10001`num=0
file=online`t=2020-02-17 11:44:51`server_id=10001`num=0
file=online`t=2020-02-17 11:49:13`server_id=10001`num=0
service=ny`t=2020-02-17 11:49:29`server_id=10001`uid=0`rid=0`lv=0`role_desc=`system=xs_task`action=issue`a1=sys`a2=`a3=`a4=40`a5=1141000
file=online`t=2020-02-17 11:54:13`server_id=10001`num=0
file=login`t=2020-02-17 11:55:03`server_id=10001`rid=1000100000000004`name=司马宛`account=12345
file=task`t=2020-02-17 11:55:15`rid=1000100000000004`lv=1`server_id=10001`activity_id=1021`action=1
file=task`t=2020-02-17 11:55:16`rid=1000100000000004`lv=1`server_id=10001`activity_id=1020`action=1
file=task`t=2020-02-17 11:55:16`rid=1000100000000004`lv=1`server_id=10001`activity_id=1019`action=1
file=task`t=2020-02-17 11:55:16`rid=1000100000000004`lv=1`server_id=10001`activity_id=1018`action=1
file=task`t=2020-02-17 11:55:16`rid=1000100000000004`lv=1`server_id=10001`activity_id=1017`action=1
file=task`t=2020-02-17 11:55:16`rid=1000100000000004`lv=1`server_id=10001`activity_id=1016`action=1
file=task`t=2020-02-17 11:55:16`rid=1000100000000004`lv=1`server_id=10001`activity_id=1015`action=1
file=task`t=2020-02-17 11:55:16`rid=1000100000000004`lv=1`server_id=10001`activity_id=1014`action=1
file=task`t=2020-02-17 11:55:16`rid=1000100000000004`lv=1`server_id=10001`activity_id=1013`action=1
file=task`t=2020-02-17 11:55:16`rid=1000100000000004`lv=1`server_id=10001`activity_id=1012`action=1
file=task`t=2020-02-17 11:55:16`rid=1000100000000004`lv=1`server_id=10001`activity_id=1011`action=1
file=task`t=2020-02-17 11:55:16`rid=1000100000000004`lv=1`server_id=10001`activity_id=1010`action=1
file=task`t=2020-02-17 11:55:16`rid=1000100000000004`lv=1`server_id=10001`activity_id=1009`action=1
file=task`t=2020-02-17 11:55:16`rid=1000100000000004`lv=1`server_id=10001`activity_id=1008`action=1
file=task`t=2020-02-17 11:55:16`rid=1000100000000004`lv=1`server_id=10001`activity_id=1007`action=1
file=task`t=2020-02-17 11:55:16`rid=1000100000000004`lv=1`server_id=10001`activity_id=1006`action=1
file=task`t=2020-02-17 11:55:16`rid=1000100000000004`lv=1`server_id=10001`activity_id=1005`action=1
file=task`t=2020-02-17 11:55:16`rid=1000100000000004`lv=1`server_id=10001`activity_id=1004`action=1
file=task`t=2020-02-17 11:55:16`rid=1000100000000004`lv=1`server_id=10001`activity_id=1003`action=1
file=task`t=2020-02-17 11:55:16`rid=1000100000000004`lv=1`server_id=10001`activity_id=1002`action=1
file=task`t=2020-02-17 11:55:16`rid=1000100000000004`lv=1`server_id=10001`activity_id=1001`action=1
file=task`t=2020-02-17 11:55:16`rid=1000100000000004`lv=1`server_id=10001`activity_id=1000016`action=1
file=task`t=2020-02-17 11:55:16`rid=1000100000000004`lv=1`server_id=10001`activity_id=1000016`action=2
file=item_log`t=2020-02-17 11:55:25`server_id=10001`rid=1000100000000004`lv=1`activity_type=pay`activity=create_role_reward`state=1`item_type=89001`item_id=0`item_num=38888`coin_type=`coin_num=
file=item_log`t=2020-02-17 11:55:25`server_id=10001`rid=1000100000000004`lv=1`activity_type=pay`activity=create_role_reward`state=1`item_type=89000`item_id=0`item_num=10000000`coin_type=`coin_num=
file=item_log`t=2020-02-17 11:55:25`server_id=10001`rid=1000100000000004`lv=1`activity_type=pay`activity=create_role_reward`state=1`item_type=60063`item_id=1000100000000023`item_num=688`coin_type=`coin_num=
file=item_log`t=2020-02-17 11:55:25`server_id=10001`rid=1000100000000004`lv=1`activity_type=pay`activity=create_role_reward`state=1`item_type=50038`item_id=1000100000000024`item_num=188`coin_type=`coin_num=
file=item_log`t=2020-02-17 11:55:25`server_id=10001`rid=1000100000000004`lv=1`activity_type=pay`activity=create_role_reward`state=1`item_type=50307`item_id=1000100000000025`item_num=68`coin_type=`coin_num=
file=item_log`t=2020-02-17 11:55:25`server_id=10001`rid=1000100000000004`lv=1`activity_type=pay`activity=create_role_reward`state=1`item_type=70011`item_id=1000100000000026`item_num=18`coin_type=`coin_num=
file=item_log`t=2020-02-17 11:55:52`server_id=10001`rid=1000100000000004`lv=1`activity_type=undefined`activity=undefined`state=1`item_type=89004`item_id=`item_num=4645`coin_type=`coin_num=
file=item_log`t=2020-02-17 11:55:52`server_id=10001`rid=1000100000000004`lv=2`activity_type=undefined`activity=undefined`state=1`item_type=89004`item_id=`item_num=6297`coin_type=`coin_num=
file=item_log`t=2020-02-17 11:55:53`server_id=10001`rid=1000100000000004`lv=3`activity_type=undefined`activity=undefined`state=1`item_type=89004`item_id=`item_num=6308`coin_type=`coin_num=
file=item_log`t=2020-02-17 11:55:53`server_id=10001`rid=1000100000000004`lv=4`activity_type=undefined`activity=undefined`state=1`item_type=89004`item_id=`item_num=7451`coin_type=`coin_num=
file=item_log`t=2020-02-17 11:55:53`server_id=10001`rid=1000100000000004`lv=5`activity_type=undefined`activity=undefined`state=1`item_type=89004`item_id=`item_num=7697`coin_type=`coin_num=
file=item_log`t=2020-02-17 11:55:54`server_id=10001`rid=1000100000000004`lv=6`activity_type=undefined`activity=undefined`state=1`item_type=89004`item_id=`item_num=8622`coin_type=`coin_num=
file=item_log`t=2020-02-17 11:55:54`server_id=10001`rid=1000100000000004`lv=7`activity_type=undefined`activity=undefined`state=1`item_type=89004`item_id=`item_num=9107`coin_type=`coin_num=
file=item_log`t=2020-02-17 11:55:54`server_id=10001`rid=1000100000000004`lv=8`activity_type=undefined`activity=undefined`state=1`item_type=89004`item_id=`item_num=9810`coin_type=`coin_num=
file=item_log`t=2020-02-17 11:55:55`server_id=10001`rid=1000100000000004`lv=9`activity_type=undefined`activity=undefined`state=1`item_type=89004`item_id=`item_num=10538`coin_type=`coin_num=
file=item_log`t=2020-02-17 11:55:55`server_id=10001`rid=1000100000000004`lv=10`activity_type=undefined`activity=undefined`state=1`item_type=89004`item_id=`item_num=11015`coin_type=`coin_num=
file=item_log`t=2020-02-17 11:55:55`server_id=10001`rid=1000100000000004`lv=11`activity_type=undefined`activity=undefined`state=1`item_type=89004`item_id=`item_num=11990`coin_type=`coin_num=
file=item_log`t=2020-02-17 11:55:55`server_id=10001`rid=1000100000000004`lv=12`activity_type=undefined`activity=undefined`state=1`item_type=89004`item_id=`item_num=12237`coin_type=`coin_num=
file=item_log`t=2020-02-17 11:55:56`server_id=10001`rid=1000100000000004`lv=13`activity_type=undefined`activity=undefined`state=1`item_type=89004`item_id=`item_num=13463`coin_type=`coin_num=
file=item_log`t=2020-02-17 11:55:56`server_id=10001`rid=1000100000000004`lv=14`activity_type=undefined`activity=undefined`state=1`item_type=89004`item_id=`item_num=13477`coin_type=`coin_num=
file=item_log`t=2020-02-17 11:55:56`server_id=10001`rid=1000100000000004`lv=15`activity_type=undefined`activity=undefined`state=1`item_type=89004`item_id=`item_num=14734`coin_type=`coin_num=
file=item_log`t=2020-02-17 11:55:58`server_id=10001`rid=1000100000000004`lv=16`activity_type=undefined`activity=undefined`state=1`item_type=89004`item_id=`item_num=14957`coin_type=`coin_num=
file=item_log`t=2020-02-17 11:56:00`server_id=10001`rid=1000100000000004`lv=17`activity_type=undefined`activity=undefined`state=1`item_type=89004`item_id=`item_num=16009`coin_type=`coin_num=
file=item_log`t=2020-02-17 11:56:02`server_id=10001`rid=1000100000000004`lv=18`activity_type=undefined`activity=undefined`state=1`item_type=89004`item_id=`item_num=16472`coin_type=`coin_num=
file=item_log`t=2020-02-17 11:56:07`server_id=10001`rid=1000100000000004`lv=19`activity_type=undefined`activity=undefined`state=1`item_type=89004`item_id=`item_num=17301`coin_type=`coin_num=
file=item_log`t=2020-02-17 11:56:11`server_id=10001`rid=1000100000000004`lv=20`activity_type=undefined`activity=undefined`state=1`item_type=89004`item_id=`item_num=18009`coin_type=`coin_num=
file=item_log`t=2020-02-17 11:56:13`server_id=10001`rid=1000100000000004`lv=21`activity_type=undefined`activity=undefined`state=1`item_type=89004`item_id=`item_num=18609`coin_type=`coin_num=
file=item_log`t=2020-02-17 11:56:15`server_id=10001`rid=1000100000000004`lv=22`activity_type=undefined`activity=undefined`state=1`item_type=89004`item_id=`item_num=19566`coin_type=`coin_num=
file=item_log`t=2020-02-17 11:56:17`server_id=10001`rid=1000100000000004`lv=23`activity_type=undefined`activity=undefined`state=1`item_type=89004`item_id=`item_num=19936`coin_type=`coin_num=
file=item_log`t=2020-02-17 11:56:22`server_id=10001`rid=1000100000000004`lv=24`activity_type=undefined`activity=undefined`state=1`item_type=89004`item_id=`item_num=21145`coin_type=`coin_num=
file=item_log`t=2020-02-17 11:56:25`server_id=10001`rid=1000100000000004`lv=25`activity_type=undefined`activity=undefined`state=1`item_type=89004`item_id=`item_num=21279`coin_type=`coin_num=
file=item_log`t=2020-02-17 11:56:27`server_id=10001`rid=1000100000000004`lv=26`activity_type=undefined`activity=undefined`state=1`item_type=89004`item_id=`item_num=22640`coin_type=`coin_num=
file=item_log`t=2020-02-17 11:56:30`server_id=10001`rid=1000100000000004`lv=27`activity_type=undefined`activity=undefined`state=1`item_type=89004`item_id=`item_num=22745`coin_type=`coin_num=
file=item_log`t=2020-02-17 11:56:34`server_id=10001`rid=1000100000000004`lv=28`activity_type=undefined`activity=undefined`state=1`item_type=89004`item_id=`item_num=24018`coin_type=`coin_num=
file=online`t=2020-02-17 11:59:13`server_id=10001`num=1
