file=online`t=2020-02-17 12:04:13`server_id=10001`num=1
file=online`t=2020-02-17 12:09:13`server_id=10001`num=1
file=online`t=2020-02-17 12:13:00`server_id=10001`num=0
service=ny`t=2020-02-17 12:13:16`server_id=10001`uid=0`rid=0`lv=0`role_desc=`system=xs_task`action=issue`a1=sys`a2=`a3=`a4=50`a5=1142000
file=login`t=2020-02-17 12:13:35`server_id=10001`rid=1000100000000004`name=司马宛`account=12345
file=task`t=2020-02-17 12:13:45`rid=1000100000000004`lv=30`server_id=10001`activity_id=1021`action=1
file=task`t=2020-02-17 12:13:45`rid=1000100000000004`lv=30`server_id=10001`activity_id=1020`action=1
file=task`t=2020-02-17 12:13:45`rid=1000100000000004`lv=30`server_id=10001`activity_id=1019`action=1
file=task`t=2020-02-17 12:13:45`rid=1000100000000004`lv=30`server_id=10001`activity_id=1018`action=1
file=task`t=2020-02-17 12:13:46`rid=1000100000000004`lv=30`server_id=10001`activity_id=1017`action=1
file=task`t=2020-02-17 12:13:46`rid=1000100000000004`lv=30`server_id=10001`activity_id=1016`action=1
file=task`t=2020-02-17 12:13:46`rid=1000100000000004`lv=30`server_id=10001`activity_id=1015`action=1
file=task`t=2020-02-17 12:13:46`rid=1000100000000004`lv=30`server_id=10001`activity_id=1014`action=1
file=task`t=2020-02-17 12:13:46`rid=1000100000000004`lv=30`server_id=10001`activity_id=1013`action=1
file=task`t=2020-02-17 12:13:46`rid=1000100000000004`lv=30`server_id=10001`activity_id=1012`action=1
file=task`t=2020-02-17 12:13:46`rid=1000100000000004`lv=30`server_id=10001`activity_id=1011`action=1
file=task`t=2020-02-17 12:13:46`rid=1000100000000004`lv=30`server_id=10001`activity_id=1010`action=1
file=task`t=2020-02-17 12:13:46`rid=1000100000000004`lv=30`server_id=10001`activity_id=1009`action=1
file=task`t=2020-02-17 12:13:46`rid=1000100000000004`lv=30`server_id=10001`activity_id=1008`action=1
file=task`t=2020-02-17 12:13:46`rid=1000100000000004`lv=30`server_id=10001`activity_id=1007`action=1
file=task`t=2020-02-17 12:13:46`rid=1000100000000004`lv=30`server_id=10001`activity_id=1006`action=1
file=task`t=2020-02-17 12:13:46`rid=1000100000000004`lv=30`server_id=10001`activity_id=1005`action=1
file=task`t=2020-02-17 12:13:46`rid=1000100000000004`lv=30`server_id=10001`activity_id=1004`action=1
file=task`t=2020-02-17 12:13:46`rid=1000100000000004`lv=30`server_id=10001`activity_id=1003`action=1
file=task`t=2020-02-17 12:13:46`rid=1000100000000004`lv=30`server_id=10001`activity_id=1002`action=1
file=task`t=2020-02-17 12:13:46`rid=1000100000000004`lv=30`server_id=10001`activity_id=1001`action=1
file=task`t=2020-02-17 12:13:46`rid=1000100000000004`lv=30`server_id=10001`activity_id=1000016`action=1
file=task`t=2020-02-17 12:13:46`rid=1000100000000004`lv=30`server_id=10001`activity_id=1000016`action=2
file=item_log`t=2020-02-17 12:14:12`server_id=10001`rid=1000100000000004`lv=30`activity_type=undefined`activity=undefined`state=1`item_type=89004`item_id=`item_num=25413`coin_type=`coin_num=
file=item_log`t=2020-02-17 12:14:12`server_id=10001`rid=1000100000000004`lv=31`activity_type=undefined`activity=undefined`state=1`item_type=89004`item_id=`item_num=26008`coin_type=`coin_num=
file=item_log`t=2020-02-17 12:14:13`server_id=10001`rid=1000100000000004`lv=32`activity_type=undefined`activity=undefined`state=1`item_type=89004`item_id=`item_num=26826`coin_type=`coin_num=
file=item_log`t=2020-02-17 12:14:13`server_id=10001`rid=1000100000000004`lv=33`activity_type=undefined`activity=undefined`state=1`item_type=89004`item_id=`item_num=27671`coin_type=`coin_num=
file=item_log`t=2020-02-17 12:14:13`server_id=10001`rid=1000100000000004`lv=34`activity_type=undefined`activity=undefined`state=1`item_type=89004`item_id=`item_num=28256`coin_type=`coin_num=
file=item_log`t=2020-02-17 12:14:14`server_id=10001`rid=1000100000000004`lv=35`activity_type=undefined`activity=undefined`state=1`item_type=89004`item_id=`item_num=29355`coin_type=`coin_num=
file=item_log`t=2020-02-17 12:14:14`server_id=10001`rid=1000100000000004`lv=36`activity_type=undefined`activity=undefined`state=1`item_type=89004`item_id=`item_num=29703`coin_type=`coin_num=
file=item_log`t=2020-02-17 12:14:14`server_id=10001`rid=1000100000000004`lv=37`activity_type=undefined`activity=undefined`state=1`item_type=89004`item_id=`item_num=31061`coin_type=`coin_num=
file=item_log`t=2020-02-17 12:14:15`server_id=10001`rid=1000100000000004`lv=38`activity_type=undefined`activity=undefined`state=1`item_type=89004`item_id=`item_num=31168`coin_type=`coin_num=
file=item_log`t=2020-02-17 12:14:15`server_id=10001`rid=1000100000000004`lv=39`activity_type=undefined`activity=undefined`state=1`item_type=89004`item_id=`item_num=32649`coin_type=`coin_num=
file=item_log`t=2020-02-17 12:14:15`server_id=10001`rid=1000100000000004`lv=40`activity_type=undefined`activity=undefined`state=1`item_type=89004`item_id=`item_num=32787`coin_type=`coin_num=
file=item_log`t=2020-02-17 12:14:16`server_id=10001`rid=1000100000000004`lv=41`activity_type=undefined`activity=undefined`state=1`item_type=89004`item_id=`item_num=34149`coin_type=`coin_num=
file=item_log`t=2020-02-17 12:14:16`server_id=10001`rid=1000100000000004`lv=42`activity_type=undefined`activity=undefined`state=1`item_type=89004`item_id=`item_num=34535`coin_type=`coin_num=
file=item_log`t=2020-02-17 12:14:16`server_id=10001`rid=1000100000000004`lv=43`activity_type=undefined`activity=undefined`state=1`item_type=89004`item_id=`item_num=35665`coin_type=`coin_num=
file=item_log`t=2020-02-17 12:14:17`server_id=10001`rid=1000100000000004`lv=44`activity_type=undefined`activity=undefined`state=1`item_type=89004`item_id=`item_num=36304`coin_type=`coin_num=
file=item_log`t=2020-02-17 12:14:17`server_id=10001`rid=1000100000000004`lv=45`activity_type=undefined`activity=undefined`state=1`item_type=89004`item_id=`item_num=37198`coin_type=`coin_num=
file=item_log`t=2020-02-17 12:14:17`server_id=10001`rid=1000100000000004`lv=46`activity_type=undefined`activity=undefined`state=1`item_type=89004`item_id=`item_num=38094`coin_type=`coin_num=
file=item_log`t=2020-02-17 12:14:17`server_id=10001`rid=1000100000000004`lv=47`activity_type=undefined`activity=undefined`state=1`item_type=89004`item_id=`item_num=38749`coin_type=`coin_num=
file=item_log`t=2020-02-17 12:14:18`server_id=10001`rid=1000100000000004`lv=48`activity_type=undefined`activity=undefined`state=1`item_type=89004`item_id=`item_num=39905`coin_type=`coin_num=
file=item_log`t=2020-02-17 12:14:18`server_id=10001`rid=1000100000000004`lv=49`activity_type=undefined`activity=undefined`state=1`item_type=89004`item_id=`item_num=40317`coin_type=`coin_num=
file=item_log`t=2020-02-17 12:14:18`server_id=10001`rid=1000100000000004`lv=50`activity_type=undefined`activity=undefined`state=1`item_type=89004`item_id=`item_num=41737`coin_type=`coin_num=
file=item_log`t=2020-02-17 12:14:19`server_id=10001`rid=1000100000000004`lv=51`activity_type=undefined`activity=undefined`state=1`item_type=89004`item_id=`item_num=41903`coin_type=`coin_num=
file=item_log`t=2020-02-17 12:14:19`server_id=10001`rid=1000100000000004`lv=52`activity_type=undefined`activity=undefined`state=1`item_type=89004`item_id=`item_num=43506`coin_type=`coin_num=
file=item_log`t=2020-02-17 12:14:19`server_id=10001`rid=1000100000000004`lv=53`activity_type=undefined`activity=undefined`state=1`item_type=89004`item_id=`item_num=43590`coin_type=`coin_num=
file=item_log`t=2020-02-17 12:14:20`server_id=10001`rid=1000100000000004`lv=54`activity_type=undefined`activity=undefined`state=1`item_type=89004`item_id=`item_num=45126`coin_type=`coin_num=
file=item_log`t=2020-02-17 12:14:20`server_id=10001`rid=1000100000000004`lv=55`activity_type=undefined`activity=undefined`state=1`item_type=89004`item_id=`item_num=45465`coin_type=`coin_num=
file=item_log`t=2020-02-17 12:14:20`server_id=10001`rid=1000100000000004`lv=56`activity_type=undefined`activity=undefined`state=1`item_type=89004`item_id=`item_num=46763`coin_type=`coin_num=
file=item_log`t=2020-02-17 12:14:21`server_id=10001`rid=1000100000000004`lv=57`activity_type=undefined`activity=undefined`state=1`item_type=89004`item_id=`item_num=47360`coin_type=`coin_num=
file=item_log`t=2020-02-17 12:14:21`server_id=10001`rid=1000100000000004`lv=58`activity_type=undefined`activity=undefined`state=1`item_type=89004`item_id=`item_num=48417`coin_type=`coin_num=
file=item_log`t=2020-02-17 12:14:21`server_id=10001`rid=1000100000000004`lv=59`activity_type=mail`activity=achievement`state=1`item_type=10044`item_id=`item_num=5`coin_type=`coin_num=
file=item_log`t=2020-02-17 12:14:21`server_id=10001`rid=1000100000000004`lv=59`activity_type=undefined`activity=undefined`state=1`item_type=89004`item_id=`item_num=49277`coin_type=`coin_num=
file=item_log`t=2020-02-17 12:14:21`server_id=10001`rid=1000100000000004`lv=60`activity_type=undefined`activity=undefined`state=1`item_type=89004`item_id=`item_num=50089`coin_type=`coin_num=
file=item_log`t=2020-02-17 12:14:22`server_id=10001`rid=1000100000000004`lv=61`activity_type=undefined`activity=undefined`state=1`item_type=89004`item_id=`item_num=51215`coin_type=`coin_num=
file=item_log`t=2020-02-17 12:14:22`server_id=10001`rid=1000100000000004`lv=62`activity_type=undefined`activity=undefined`state=1`item_type=89004`item_id=`item_num=51390`coin_type=`coin_num=
file=item_log`t=2020-02-17 12:14:22`server_id=10001`rid=1000100000000004`lv=63`activity_type=undefined`activity=undefined`state=1`item_type=89004`item_id=`item_num=51778`coin_type=`coin_num=
file=item_log`t=2020-02-17 12:14:23`server_id=10001`rid=1000100000000004`lv=64`activity_type=undefined`activity=undefined`state=1`item_type=89004`item_id=`item_num=52083`coin_type=`coin_num=
file=item_log`t=2020-02-17 12:14:23`server_id=10001`rid=1000100000000004`lv=65`activity_type=undefined`activity=undefined`state=1`item_type=89004`item_id=`item_num=52407`coin_type=`coin_num=
file=item_log`t=2020-02-17 12:14:23`server_id=10001`rid=1000100000000004`lv=66`activity_type=undefined`activity=undefined`state=1`item_type=89004`item_id=`item_num=52448`coin_type=`coin_num=
file=item_log`t=2020-02-17 12:14:24`server_id=10001`rid=1000100000000004`lv=67`activity_type=undefined`activity=undefined`state=1`item_type=89004`item_id=`item_num=52731`coin_type=`coin_num=
file=item_log`t=2020-02-17 12:14:24`server_id=10001`rid=1000100000000004`lv=68`activity_type=undefined`activity=undefined`state=1`item_type=89004`item_id=`item_num=53055`coin_type=`coin_num=
file=item_log`t=2020-02-17 12:14:24`server_id=10001`rid=1000100000000004`lv=69`activity_type=undefined`activity=undefined`state=1`item_type=89004`item_id=`item_num=53174`coin_type=`coin_num=
file=item_log`t=2020-02-17 12:14:25`server_id=10001`rid=1000100000000004`lv=70`activity_type=undefined`activity=undefined`state=1`item_type=89004`item_id=`item_num=55154`coin_type=`coin_num=
file=item_log`t=2020-02-17 12:14:25`server_id=10001`rid=1000100000000004`lv=71`activity_type=undefined`activity=undefined`state=1`item_type=89004`item_id=`item_num=57155`coin_type=`coin_num=
file=item_log`t=2020-02-17 12:14:25`server_id=10001`rid=1000100000000004`lv=72`activity_type=undefined`activity=undefined`state=1`item_type=89004`item_id=`item_num=59177`coin_type=`coin_num=
file=item_log`t=2020-02-17 12:14:26`server_id=10001`rid=1000100000000004`lv=73`activity_type=undefined`activity=undefined`state=1`item_type=89004`item_id=`item_num=61220`coin_type=`coin_num=
file=item_log`t=2020-02-17 12:14:26`server_id=10001`rid=1000100000000004`lv=74`activity_type=undefined`activity=undefined`state=1`item_type=89004`item_id=`item_num=62810`coin_type=`coin_num=
file=item_log`t=2020-02-17 12:14:26`server_id=10001`rid=1000100000000004`lv=75`activity_type=undefined`activity=undefined`state=1`item_type=89004`item_id=`item_num=63285`coin_type=`coin_num=
file=item_log`t=2020-02-17 12:14:26`server_id=10001`rid=1000100000000004`lv=76`activity_type=undefined`activity=undefined`state=1`item_type=89004`item_id=`item_num=63657`coin_type=`coin_num=
file=item_log`t=2020-02-17 12:14:27`server_id=10001`rid=1000100000000004`lv=77`activity_type=undefined`activity=undefined`state=1`item_type=89004`item_id=`item_num=64053`coin_type=`coin_num=
file=item_log`t=2020-02-17 12:14:27`server_id=10001`rid=1000100000000004`lv=78`activity_type=undefined`activity=undefined`state=1`item_type=89004`item_id=`item_num=64103`coin_type=`coin_num=
file=item_log`t=2020-02-17 12:14:27`server_id=10001`rid=1000100000000004`lv=79`activity_type=undefined`activity=undefined`state=1`item_type=89004`item_id=`item_num=64449`coin_type=`coin_num=
file=item_log`t=2020-02-17 12:14:28`server_id=10001`rid=1000100000000004`lv=80`activity_type=undefined`activity=undefined`state=1`item_type=89004`item_id=`item_num=64845`coin_type=`coin_num=
file=item_log`t=2020-02-17 12:14:28`server_id=10001`rid=1000100000000004`lv=81`activity_type=undefined`activity=undefined`state=1`item_type=89004`item_id=`item_num=123004`coin_type=`coin_num=
file=item_log`t=2020-02-17 12:14:28`server_id=10001`rid=1000100000000004`lv=82`activity_type=undefined`activity=undefined`state=1`item_type=89004`item_id=`item_num=126730`coin_type=`coin_num=
file=item_log`t=2020-02-17 12:14:29`server_id=10001`rid=1000100000000004`lv=83`activity_type=undefined`activity=undefined`state=1`item_type=89004`item_id=`item_num=130532`coin_type=`coin_num=
file=item_log`t=2020-02-17 12:14:29`server_id=10001`rid=1000100000000004`lv=84`activity_type=undefined`activity=undefined`state=1`item_type=89004`item_id=`item_num=134412`coin_type=`coin_num=
file=item_log`t=2020-02-17 12:14:29`server_id=10001`rid=1000100000000004`lv=85`activity_type=undefined`activity=undefined`state=1`item_type=89004`item_id=`item_num=146190`coin_type=`coin_num=
file=item_log`t=2020-02-17 12:14:30`server_id=10001`rid=1000100000000004`lv=86`activity_type=undefined`activity=undefined`state=1`item_type=89004`item_id=`item_num=150126`coin_type=`coin_num=
file=item_log`t=2020-02-17 12:14:30`server_id=10001`rid=1000100000000004`lv=87`activity_type=undefined`activity=undefined`state=1`item_type=89004`item_id=`item_num=150339`coin_type=`coin_num=
file=item_log`t=2020-02-17 12:14:30`server_id=10001`rid=1000100000000004`lv=88`activity_type=undefined`activity=undefined`state=1`item_type=89004`item_id=`item_num=153017`coin_type=`coin_num=
file=item_log`t=2020-02-17 12:14:31`server_id=10001`rid=1000100000000004`lv=89`activity_type=undefined`activity=undefined`state=1`item_type=89004`item_id=`item_num=154892`coin_type=`coin_num=
file=item_log`t=2020-02-17 12:14:31`server_id=10001`rid=1000100000000004`lv=90`activity_type=undefined`activity=undefined`state=1`item_type=89004`item_id=`item_num=159539`coin_type=`coin_num=
file=item_log`t=2020-02-17 12:14:31`server_id=10001`rid=1000100000000004`lv=91`activity_type=undefined`activity=undefined`state=1`item_type=89004`item_id=`item_num=164051`coin_type=`coin_num=
file=item_log`t=2020-02-17 12:14:31`server_id=10001`rid=1000100000000004`lv=92`activity_type=undefined`activity=undefined`state=1`item_type=89004`item_id=`item_num=164281`coin_type=`coin_num=
file=item_log`t=2020-02-17 12:14:32`server_id=10001`rid=1000100000000004`lv=93`activity_type=undefined`activity=undefined`state=1`item_type=89004`item_id=`item_num=175450`coin_type=`coin_num=
file=item_log`t=2020-02-17 12:14:32`server_id=10001`rid=1000100000000004`lv=94`activity_type=undefined`activity=undefined`state=1`item_type=89004`item_id=`item_num=178677`coin_type=`coin_num=
file=item_log`t=2020-02-17 12:14:32`server_id=10001`rid=1000100000000004`lv=95`activity_type=undefined`activity=undefined`state=1`item_type=89004`item_id=`item_num=183487`coin_type=`coin_num=
file=item_log`t=2020-02-17 12:14:33`server_id=10001`rid=1000100000000004`lv=96`activity_type=undefined`activity=undefined`state=1`item_type=89004`item_id=`item_num=187021`coin_type=`coin_num=
file=item_log`t=2020-02-17 12:14:33`server_id=10001`rid=1000100000000004`lv=97`activity_type=undefined`activity=undefined`state=1`item_type=89004`item_id=`item_num=200507`coin_type=`coin_num=
file=item_log`t=2020-02-17 12:14:33`server_id=10001`rid=1000100000000004`lv=98`activity_type=undefined`activity=undefined`state=1`item_type=89004`item_id=`item_num=214439`coin_type=`coin_num=
file=item_log`t=2020-02-17 12:14:34`server_id=10001`rid=1000100000000004`lv=99`activity_type=undefined`activity=undefined`state=1`item_type=89004`item_id=`item_num=215419`coin_type=`coin_num=
file=item_log`t=2020-02-17 12:15:04`server_id=10001`rid=1000100000000004`lv=100`activity_type=undefined`activity=undefined`state=1`item_type=72205`item_id=1000100000000032`item_num=1`coin_type=`coin_num=
file=item_log`t=2020-02-17 12:15:06`server_id=10001`rid=1000100000000004`lv=100`activity_type=undefined`activity=undefined`state=1`item_type=72305`item_id=1000100000000033`item_num=1`coin_type=`coin_num=
file=item_log`t=2020-02-17 12:15:11`server_id=10001`rid=1000100000000004`lv=100`activity_type=undefined`activity=undefined`state=1`item_type=72401`item_id=1000100000000034`item_num=1`coin_type=`coin_num=
file=item_log`t=2020-02-17 12:16:03`server_id=10001`rid=1000100000000004`lv=100`activity_type=undefined`activity=undefined`state=1`item_type=60022`item_id=1000100000000035`item_num=10`coin_type=`coin_num=
file=item_log`t=2020-02-17 12:16:11`server_id=10001`rid=1000100000000004`lv=100`activity_type=goods_eff`activity=use_goods`state=1`item_type=vitality`item_id=`item_num=100`coin_type=`coin_num=
file=item_log`t=2020-02-17 12:16:11`server_id=10001`rid=1000100000000004`lv=100`activity_type=goods`activity=use`state=0`item_type=60022`item_id=1000100000000035`item_num=1`coin_type=`coin_num=
file=item_log`t=2020-02-17 12:16:11`server_id=10001`rid=1000100000000004`lv=100`activity_type=goods_eff`activity=use_goods`state=1`item_type=vitality`item_id=`item_num=100`coin_type=`coin_num=
file=item_log`t=2020-02-17 12:16:11`server_id=10001`rid=1000100000000004`lv=100`activity_type=goods`activity=use`state=0`item_type=60022`item_id=1000100000000035`item_num=1`coin_type=`coin_num=
file=item_log`t=2020-02-17 12:16:12`server_id=10001`rid=1000100000000004`lv=100`activity_type=goods_eff`activity=use_goods`state=1`item_type=vitality`item_id=`item_num=100`coin_type=`coin_num=
file=item_log`t=2020-02-17 12:16:12`server_id=10001`rid=1000100000000004`lv=100`activity_type=goods`activity=use`state=0`item_type=60022`item_id=1000100000000035`item_num=1`coin_type=`coin_num=
file=item_log`t=2020-02-17 12:16:12`server_id=10001`rid=1000100000000004`lv=100`activity_type=goods_eff`activity=use_goods`state=1`item_type=vitality`item_id=`item_num=100`coin_type=`coin_num=
file=item_log`t=2020-02-17 12:16:12`server_id=10001`rid=1000100000000004`lv=100`activity_type=goods`activity=use`state=0`item_type=60022`item_id=1000100000000035`item_num=1`coin_type=`coin_num=
file=item_log`t=2020-02-17 12:16:14`server_id=10001`rid=1000100000000004`lv=100`activity_type=goods_eff`activity=use_goods`state=1`item_type=vitality`item_id=`item_num=100`coin_type=`coin_num=
file=item_log`t=2020-02-17 12:16:14`server_id=10001`rid=1000100000000004`lv=100`activity_type=goods`activity=use`state=0`item_type=60022`item_id=1000100000000035`item_num=6`coin_type=`coin_num=
file=item_log`t=2020-02-17 12:16:17`server_id=10001`rid=1000100000000004`lv=100`activity_type=goods`activity=equip_build`state=0`item_type=72205`item_id=1000100000000032`item_num=1`coin_type=`coin_num=
file=item_log`t=2020-02-17 12:16:17`server_id=10001`rid=1000100000000004`lv=100`activity_type=goods`activity=equip_build`state=0`item_type=72305`item_id=1000100000000033`item_num=1`coin_type=`coin_num=
file=item_log`t=2020-02-17 12:16:18`server_id=10001`rid=1000100000000004`lv=100`activity_type=goods`activity=equip_build`state=0`item_type=89021`item_id=`item_num=30`coin_type=`coin_num=
file=activity`t=2020-02-17 12:17:01`server_id=10001`rid=1000100000000005`activity_type=flash`activity=0
file=login`t=2020-02-17 12:17:01`server_id=10001`rid=1000100000000005`name=白春华`account=jy91
file=task`t=2020-02-17 12:17:11`rid=1000100000000005`lv=1`server_id=10001`activity_id=1021`action=1
file=task`t=2020-02-17 12:17:11`rid=1000100000000005`lv=1`server_id=10001`activity_id=1020`action=1
file=task`t=2020-02-17 12:17:11`rid=1000100000000005`lv=1`server_id=10001`activity_id=1019`action=1
file=task`t=2020-02-17 12:17:11`rid=1000100000000005`lv=1`server_id=10001`activity_id=1018`action=1
file=task`t=2020-02-17 12:17:11`rid=1000100000000005`lv=1`server_id=10001`activity_id=1017`action=1
file=task`t=2020-02-17 12:17:11`rid=1000100000000005`lv=1`server_id=10001`activity_id=1016`action=1
file=task`t=2020-02-17 12:17:11`rid=1000100000000005`lv=1`server_id=10001`activity_id=1015`action=1
file=task`t=2020-02-17 12:17:11`rid=1000100000000005`lv=1`server_id=10001`activity_id=1014`action=1
file=task`t=2020-02-17 12:17:11`rid=1000100000000005`lv=1`server_id=10001`activity_id=1013`action=1
file=task`t=2020-02-17 12:17:11`rid=1000100000000005`lv=1`server_id=10001`activity_id=1012`action=1
file=task`t=2020-02-17 12:17:11`rid=1000100000000005`lv=1`server_id=10001`activity_id=1011`action=1
file=task`t=2020-02-17 12:17:11`rid=1000100000000005`lv=1`server_id=10001`activity_id=1010`action=1
file=task`t=2020-02-17 12:17:11`rid=1000100000000005`lv=1`server_id=10001`activity_id=1009`action=1
file=task`t=2020-02-17 12:17:11`rid=1000100000000005`lv=1`server_id=10001`activity_id=1008`action=1
file=task`t=2020-02-17 12:17:11`rid=1000100000000005`lv=1`server_id=10001`activity_id=1007`action=1
file=task`t=2020-02-17 12:17:11`rid=1000100000000005`lv=1`server_id=10001`activity_id=1006`action=1
file=task`t=2020-02-17 12:17:11`rid=1000100000000005`lv=1`server_id=10001`activity_id=1005`action=1
file=task`t=2020-02-17 12:17:11`rid=1000100000000005`lv=1`server_id=10001`activity_id=1004`action=1
file=task`t=2020-02-17 12:17:11`rid=1000100000000005`lv=1`server_id=10001`activity_id=1003`action=1
file=task`t=2020-02-17 12:17:11`rid=1000100000000005`lv=1`server_id=10001`activity_id=1002`action=1
file=task`t=2020-02-17 12:17:11`rid=1000100000000005`lv=1`server_id=10001`activity_id=1001`action=1
file=task`t=2020-02-17 12:17:11`rid=1000100000000005`lv=1`server_id=10001`activity_id=1000001`action=1
file=task`t=2020-02-17 12:17:11`rid=1000100000000005`lv=1`server_id=10001`activity_id=1000001`action=2
file=item_log`t=2020-02-17 12:17:12`server_id=10001`rid=1000100000000005`lv=1`activity_type=pay`activity=create_role_reward`state=1`item_type=89001`item_id=0`item_num=38888`coin_type=`coin_num=
file=item_log`t=2020-02-17 12:17:12`server_id=10001`rid=1000100000000005`lv=1`activity_type=pay`activity=create_role_reward`state=1`item_type=89000`item_id=0`item_num=10000000`coin_type=`coin_num=
file=item_log`t=2020-02-17 12:17:12`server_id=10001`rid=1000100000000005`lv=1`activity_type=pay`activity=create_role_reward`state=1`item_type=60063`item_id=1000100000000037`item_num=688`coin_type=`coin_num=
file=item_log`t=2020-02-17 12:17:12`server_id=10001`rid=1000100000000005`lv=1`activity_type=pay`activity=create_role_reward`state=1`item_type=50038`item_id=1000100000000038`item_num=188`coin_type=`coin_num=
file=item_log`t=2020-02-17 12:17:12`server_id=10001`rid=1000100000000005`lv=1`activity_type=pay`activity=create_role_reward`state=1`item_type=50307`item_id=1000100000000039`item_num=68`coin_type=`coin_num=
file=item_log`t=2020-02-17 12:17:12`server_id=10001`rid=1000100000000005`lv=1`activity_type=pay`activity=create_role_reward`state=1`item_type=70011`item_id=1000100000000040`item_num=18`coin_type=`coin_num=
file=logout`t=2020-02-17 12:17:27`server_id=10001`rid=1000100000000004`name=司马宛`account=12345
file=online`t=2020-02-17 12:18:00`server_id=10001`num=1
file=login`t=2020-02-17 12:22:39`server_id=10001`rid=1000100000000004`name=司马宛`account=12345
file=online`t=2020-02-17 12:23:00`server_id=10001`num=2
file=item_log`t=2020-02-17 12:23:53`server_id=10001`rid=1000100000000004`lv=100`activity_type=undefined`activity=undefined`state=1`item_type=72205`item_id=1000100000000041`item_num=1`coin_type=`coin_num=
file=item_log`t=2020-02-17 12:23:59`server_id=10001`rid=1000100000000004`lv=100`activity_type=undefined`activity=undefined`state=1`item_type=72401`item_id=1000100000000034`item_num=1`coin_type=`coin_num=
file=item_log`t=2020-02-17 12:24:02`server_id=10001`rid=1000100000000004`lv=100`activity_type=undefined`activity=undefined`state=1`item_type=72325`item_id=1000100000000042`item_num=1`coin_type=`coin_num=
file=item_log`t=2020-02-17 12:24:04`server_id=10001`rid=1000100000000004`lv=100`activity_type=goods`activity=equip_build`state=0`item_type=72205`item_id=1000100000000041`item_num=1`coin_type=`coin_num=
file=item_log`t=2020-02-17 12:24:04`server_id=10001`rid=1000100000000004`lv=100`activity_type=goods`activity=equip_build`state=0`item_type=72325`item_id=1000100000000042`item_num=1`coin_type=`coin_num=
file=item_log`t=2020-02-17 12:24:04`server_id=10001`rid=1000100000000004`lv=100`activity_type=goods`activity=equip_build`state=0`item_type=89021`item_id=`item_num=30`coin_type=`coin_num=
file=logout`t=2020-02-17 12:24:10`server_id=10001`rid=1000100000000005`name=白春华`account=jy91
file=login`t=2020-02-17 12:24:15`server_id=10001`rid=1000100000000005`name=白春华`account=jy91
file=logout`t=2020-02-17 12:24:17`server_id=10001`rid=1000100000000004`name=司马宛`account=12345
file=logout`t=2020-02-17 12:24:41`server_id=10001`rid=1000100000000005`name=白春华`account=jy91
file=login`t=2020-02-17 12:25:16`server_id=10001`rid=1000100000000005`name=白春华`account=jy91
file=logout`t=2020-02-17 12:26:11`server_id=10001`rid=1000100000000005`name=白春华`account=jy91
file=login`t=2020-02-17 12:26:41`server_id=10001`rid=1000100000000004`name=司马宛`account=12345
file=logout`t=2020-02-17 12:26:49`server_id=10001`rid=1000100000000004`name=司马宛`account=12345
file=online`t=2020-02-17 12:28:00`server_id=10001`num=0
file=online`t=2020-02-17 12:33:00`server_id=10001`num=0
service=ny`t=2020-02-17 12:37:17`server_id=10001`uid=0`rid=0`lv=0`role_desc=`system=xs_task`action=issue`a1=sys`a2=`a3=`a4=60`a5=1143000
file=online`t=2020-02-17 12:38:00`server_id=10001`num=0
file=online`t=2020-02-17 12:43:00`server_id=10001`num=0
file=online`t=2020-02-17 12:48:00`server_id=10001`num=0
file=online`t=2020-02-17 12:53:00`server_id=10001`num=0
file=online`t=2020-02-17 12:58:00`server_id=10001`num=0
