file=online`t=2020-02-22 17:01:03`server_id=10001`num=0
file=online`t=2020-02-22 17:06:03`server_id=10001`num=0
file=online`t=2020-02-22 17:11:03`server_id=10001`num=0
service=ny`t=2020-02-22 17:15:25`server_id=10001`uid=0`rid=0`lv=0`role_desc=`system=xs_task`action=issue`a1=sys`a2=`a3=`a4=50`a5=1142000
file=online`t=2020-02-22 17:16:03`server_id=10001`num=0
file=online`t=2020-02-22 17:21:03`server_id=10001`num=0
file=online`t=2020-02-22 17:26:03`server_id=10001`num=0
file=login`t=2020-02-22 17:28:56`server_id=10001`rid=1000100000000008`name=班瀛`account=gdc
file=item_log`t=2020-02-22 17:29:06`server_id=10001`rid=1000100000000008`lv=1`activity_type=pay`activity=create_role_reward`state=1`item_type=89001`item_id=0`item_num=38888`coin_type=`coin_num=
file=item_log`t=2020-02-22 17:29:06`server_id=10001`rid=1000100000000008`lv=1`activity_type=pay`activity=create_role_reward`state=1`item_type=89000`item_id=0`item_num=10000000`coin_type=`coin_num=
file=item_log`t=2020-02-22 17:29:06`server_id=10001`rid=1000100000000008`lv=1`activity_type=pay`activity=create_role_reward`state=1`item_type=60063`item_id=1000100000000080`item_num=688`coin_type=`coin_num=
file=item_log`t=2020-02-22 17:29:06`server_id=10001`rid=1000100000000008`lv=1`activity_type=pay`activity=create_role_reward`state=1`item_type=50038`item_id=1000100000000081`item_num=188`coin_type=`coin_num=
file=item_log`t=2020-02-22 17:29:06`server_id=10001`rid=1000100000000008`lv=1`activity_type=pay`activity=create_role_reward`state=1`item_type=50307`item_id=1000100000000082`item_num=68`coin_type=`coin_num=
file=item_log`t=2020-02-22 17:29:06`server_id=10001`rid=1000100000000008`lv=1`activity_type=pay`activity=create_role_reward`state=1`item_type=70011`item_id=1000100000000083`item_num=18`coin_type=`coin_num=
file=item_log`t=2020-02-22 17:29:58`server_id=10001`rid=1000100000000008`lv=100`activity_type=ply_sys_open`activity=do_open_one_sys`state=1`item_type=20023`item_id=1000100000000086`item_num=10`coin_type=`coin_num=
file=task`t=2020-02-22 17:29:59`rid=1000100000000008`lv=100`server_id=10001`activity_id=1002`action=1
file=task`t=2020-02-22 17:29:59`rid=1000100000000008`lv=100`server_id=10001`activity_id=1001`action=1
file=online`t=2020-02-22 17:31:03`server_id=10001`num=1
file=online`t=2020-02-22 17:36:03`server_id=10001`num=1
service=ny`t=2020-02-22 17:39:26`server_id=10001`uid=0`rid=0`lv=0`role_desc=`system=xs_task`action=issue`a1=sys`a2=`a3=`a4=40`a5=1141000
file=online`t=2020-02-22 17:41:03`server_id=10001`num=1
file=online`t=2020-02-22 17:46:03`server_id=10001`num=1
file=logout`t=2020-02-22 17:47:30`server_id=10001`rid=1000100000000008`name=班瀛`account=gdc
file=online`t=2020-02-22 17:51:03`server_id=10001`num=0
file=online`t=2020-02-22 17:56:03`server_id=10001`num=0
