file=online`t=2020-02-17 16:00:29`server_id=10001`num=0
file=online`t=2020-02-17 16:05:29`server_id=10001`num=0
file=online`t=2020-02-17 16:10:29`server_id=10001`num=0
service=ny`t=2020-02-17 16:10:34`server_id=10001`uid=0`rid=0`lv=0`role_desc=`system=xs_task`action=issue`a1=sys`a2=`a3=`a4=50`a5=1142000
file=online`t=2020-02-17 16:11:51`server_id=10001`num=0
service=ny`t=2020-02-17 16:12:08`server_id=10001`uid=0`rid=0`lv=0`role_desc=`system=xs_task`action=issue`a1=sys`a2=`a3=`a4=60`a5=1143000
file=activity`t=2020-02-17 16:13:48`server_id=10001`rid=1000100000000007`activity_type=flash`activity=0
file=login`t=2020-02-17 16:13:50`server_id=10001`rid=1000100000000007`name=呼延韶华`account=d08016
file=task`t=2020-02-17 16:14:08`rid=1000100000000007`lv=1`server_id=10001`activity_id=1021`action=1
file=task`t=2020-02-17 16:14:08`rid=1000100000000007`lv=1`server_id=10001`activity_id=1020`action=1
file=task`t=2020-02-17 16:14:08`rid=1000100000000007`lv=1`server_id=10001`activity_id=1019`action=1
file=task`t=2020-02-17 16:14:08`rid=1000100000000007`lv=1`server_id=10001`activity_id=1018`action=1
file=task`t=2020-02-17 16:14:08`rid=1000100000000007`lv=1`server_id=10001`activity_id=1017`action=1
file=task`t=2020-02-17 16:14:09`rid=1000100000000007`lv=1`server_id=10001`activity_id=1016`action=1
file=task`t=2020-02-17 16:14:09`rid=1000100000000007`lv=1`server_id=10001`activity_id=1015`action=1
file=task`t=2020-02-17 16:14:09`rid=1000100000000007`lv=1`server_id=10001`activity_id=1014`action=1
file=task`t=2020-02-17 16:14:09`rid=1000100000000007`lv=1`server_id=10001`activity_id=1013`action=1
file=task`t=2020-02-17 16:14:09`rid=1000100000000007`lv=1`server_id=10001`activity_id=1012`action=1
file=task`t=2020-02-17 16:14:09`rid=1000100000000007`lv=1`server_id=10001`activity_id=1011`action=1
file=task`t=2020-02-17 16:14:09`rid=1000100000000007`lv=1`server_id=10001`activity_id=1010`action=1
file=task`t=2020-02-17 16:14:09`rid=1000100000000007`lv=1`server_id=10001`activity_id=1009`action=1
file=task`t=2020-02-17 16:14:09`rid=1000100000000007`lv=1`server_id=10001`activity_id=1008`action=1
file=task`t=2020-02-17 16:14:09`rid=1000100000000007`lv=1`server_id=10001`activity_id=1007`action=1
file=task`t=2020-02-17 16:14:09`rid=1000100000000007`lv=1`server_id=10001`activity_id=1006`action=1
file=task`t=2020-02-17 16:14:09`rid=1000100000000007`lv=1`server_id=10001`activity_id=1005`action=1
file=task`t=2020-02-17 16:14:09`rid=1000100000000007`lv=1`server_id=10001`activity_id=1004`action=1
file=task`t=2020-02-17 16:14:09`rid=1000100000000007`lv=1`server_id=10001`activity_id=1003`action=1
file=task`t=2020-02-17 16:14:09`rid=1000100000000007`lv=1`server_id=10001`activity_id=1002`action=1
file=task`t=2020-02-17 16:14:09`rid=1000100000000007`lv=1`server_id=10001`activity_id=1001`action=1
file=task`t=2020-02-17 16:14:09`rid=1000100000000007`lv=1`server_id=10001`activity_id=1000001`action=1
file=task`t=2020-02-17 16:14:09`rid=1000100000000007`lv=1`server_id=10001`activity_id=1000001`action=2
file=item_log`t=2020-02-17 16:15:08`server_id=10001`rid=1000100000000007`lv=1`activity_type=pay`activity=create_role_reward`state=1`item_type=89001`item_id=0`item_num=38888`coin_type=`coin_num=
file=item_log`t=2020-02-17 16:15:08`server_id=10001`rid=1000100000000007`lv=1`activity_type=pay`activity=create_role_reward`state=1`item_type=89000`item_id=0`item_num=10000000`coin_type=`coin_num=
file=item_log`t=2020-02-17 16:15:08`server_id=10001`rid=1000100000000007`lv=1`activity_type=pay`activity=create_role_reward`state=1`item_type=60063`item_id=1000100000000048`item_num=688`coin_type=`coin_num=
file=item_log`t=2020-02-17 16:15:08`server_id=10001`rid=1000100000000007`lv=1`activity_type=pay`activity=create_role_reward`state=1`item_type=50038`item_id=1000100000000049`item_num=188`coin_type=`coin_num=
file=item_log`t=2020-02-17 16:15:08`server_id=10001`rid=1000100000000007`lv=1`activity_type=pay`activity=create_role_reward`state=1`item_type=50307`item_id=1000100000000050`item_num=68`coin_type=`coin_num=
file=item_log`t=2020-02-17 16:15:08`server_id=10001`rid=1000100000000007`lv=1`activity_type=pay`activity=create_role_reward`state=1`item_type=70011`item_id=1000100000000051`item_num=18`coin_type=`coin_num=
file=item_log`t=2020-02-17 16:15:25`server_id=10001`rid=1000100000000007`lv=1`activity_type=undefined`activity=undefined`state=1`item_type=62644`item_id=1000100000000052`item_num=1`coin_type=`coin_num=
file=item_log`t=2020-02-17 16:15:42`server_id=10001`rid=1000100000000007`lv=1`activity_type=undefined`activity=undefined`state=1`item_type=89004`item_id=`item_num=4645`coin_type=`coin_num=
file=item_log`t=2020-02-17 16:15:42`server_id=10001`rid=1000100000000007`lv=2`activity_type=undefined`activity=undefined`state=1`item_type=89004`item_id=`item_num=6297`coin_type=`coin_num=
file=item_log`t=2020-02-17 16:15:43`server_id=10001`rid=1000100000000007`lv=3`activity_type=undefined`activity=undefined`state=1`item_type=89004`item_id=`item_num=6308`coin_type=`coin_num=
file=item_log`t=2020-02-17 16:15:43`server_id=10001`rid=1000100000000007`lv=4`activity_type=undefined`activity=undefined`state=1`item_type=89004`item_id=`item_num=7451`coin_type=`coin_num=
file=item_log`t=2020-02-17 16:15:43`server_id=10001`rid=1000100000000007`lv=5`activity_type=undefined`activity=undefined`state=1`item_type=89004`item_id=`item_num=7697`coin_type=`coin_num=
file=item_log`t=2020-02-17 16:15:44`server_id=10001`rid=1000100000000007`lv=6`activity_type=undefined`activity=undefined`state=1`item_type=89004`item_id=`item_num=8622`coin_type=`coin_num=
file=item_log`t=2020-02-17 16:15:44`server_id=10001`rid=1000100000000007`lv=7`activity_type=undefined`activity=undefined`state=1`item_type=89004`item_id=`item_num=9107`coin_type=`coin_num=
file=item_log`t=2020-02-17 16:15:44`server_id=10001`rid=1000100000000007`lv=8`activity_type=undefined`activity=undefined`state=1`item_type=89004`item_id=`item_num=9810`coin_type=`coin_num=
file=item_log`t=2020-02-17 16:15:44`server_id=10001`rid=1000100000000007`lv=9`activity_type=undefined`activity=undefined`state=1`item_type=89004`item_id=`item_num=10538`coin_type=`coin_num=
file=item_log`t=2020-02-17 16:15:45`server_id=10001`rid=1000100000000007`lv=10`activity_type=undefined`activity=undefined`state=1`item_type=89004`item_id=`item_num=11015`coin_type=`coin_num=
file=item_log`t=2020-02-17 16:15:45`server_id=10001`rid=1000100000000007`lv=11`activity_type=undefined`activity=undefined`state=1`item_type=89004`item_id=`item_num=11990`coin_type=`coin_num=
file=item_log`t=2020-02-17 16:15:45`server_id=10001`rid=1000100000000007`lv=12`activity_type=undefined`activity=undefined`state=1`item_type=89004`item_id=`item_num=12237`coin_type=`coin_num=
file=item_log`t=2020-02-17 16:15:46`server_id=10001`rid=1000100000000007`lv=13`activity_type=undefined`activity=undefined`state=1`item_type=89004`item_id=`item_num=13463`coin_type=`coin_num=
file=item_log`t=2020-02-17 16:15:46`server_id=10001`rid=1000100000000007`lv=14`activity_type=undefined`activity=undefined`state=1`item_type=89004`item_id=`item_num=13477`coin_type=`coin_num=
file=item_log`t=2020-02-17 16:15:46`server_id=10001`rid=1000100000000007`lv=15`activity_type=undefined`activity=undefined`state=1`item_type=89004`item_id=`item_num=14734`coin_type=`coin_num=
file=item_log`t=2020-02-17 16:15:47`server_id=10001`rid=1000100000000007`lv=16`activity_type=undefined`activity=undefined`state=1`item_type=89004`item_id=`item_num=14957`coin_type=`coin_num=
file=item_log`t=2020-02-17 16:15:47`server_id=10001`rid=1000100000000007`lv=17`activity_type=undefined`activity=undefined`state=1`item_type=89004`item_id=`item_num=16009`coin_type=`coin_num=
file=item_log`t=2020-02-17 16:15:47`server_id=10001`rid=1000100000000007`lv=18`activity_type=undefined`activity=undefined`state=1`item_type=89004`item_id=`item_num=16472`coin_type=`coin_num=
file=item_log`t=2020-02-17 16:15:48`server_id=10001`rid=1000100000000007`lv=19`activity_type=undefined`activity=undefined`state=1`item_type=89004`item_id=`item_num=17301`coin_type=`coin_num=
file=item_log`t=2020-02-17 16:15:48`server_id=10001`rid=1000100000000007`lv=20`activity_type=undefined`activity=undefined`state=1`item_type=89004`item_id=`item_num=18009`coin_type=`coin_num=
file=item_log`t=2020-02-17 16:15:48`server_id=10001`rid=1000100000000007`lv=21`activity_type=undefined`activity=undefined`state=1`item_type=89004`item_id=`item_num=18609`coin_type=`coin_num=
file=item_log`t=2020-02-17 16:15:48`server_id=10001`rid=1000100000000007`lv=22`activity_type=undefined`activity=undefined`state=1`item_type=89004`item_id=`item_num=19566`coin_type=`coin_num=
file=item_log`t=2020-02-17 16:15:49`server_id=10001`rid=1000100000000007`lv=23`activity_type=undefined`activity=undefined`state=1`item_type=89004`item_id=`item_num=19936`coin_type=`coin_num=
file=item_log`t=2020-02-17 16:15:49`server_id=10001`rid=1000100000000007`lv=24`activity_type=undefined`activity=undefined`state=1`item_type=89004`item_id=`item_num=21145`coin_type=`coin_num=
file=item_log`t=2020-02-17 16:15:49`server_id=10001`rid=1000100000000007`lv=25`activity_type=undefined`activity=undefined`state=1`item_type=89004`item_id=`item_num=21279`coin_type=`coin_num=
file=item_log`t=2020-02-17 16:15:50`server_id=10001`rid=1000100000000007`lv=26`activity_type=undefined`activity=undefined`state=1`item_type=89004`item_id=`item_num=22640`coin_type=`coin_num=
file=item_log`t=2020-02-17 16:15:50`server_id=10001`rid=1000100000000007`lv=27`activity_type=undefined`activity=undefined`state=1`item_type=89004`item_id=`item_num=22745`coin_type=`coin_num=
file=item_log`t=2020-02-17 16:15:50`server_id=10001`rid=1000100000000007`lv=28`activity_type=undefined`activity=undefined`state=1`item_type=89004`item_id=`item_num=24018`coin_type=`coin_num=
file=item_log`t=2020-02-17 16:15:51`server_id=10001`rid=1000100000000007`lv=29`activity_type=undefined`activity=undefined`state=1`item_type=89004`item_id=`item_num=24366`coin_type=`coin_num=
file=item_log`t=2020-02-17 16:15:51`server_id=10001`rid=1000100000000007`lv=30`activity_type=undefined`activity=undefined`state=1`item_type=89004`item_id=`item_num=25413`coin_type=`coin_num=
file=item_log`t=2020-02-17 16:15:51`server_id=10001`rid=1000100000000007`lv=31`activity_type=undefined`activity=undefined`state=1`item_type=89004`item_id=`item_num=26008`coin_type=`coin_num=
file=item_log`t=2020-02-17 16:15:52`server_id=10001`rid=1000100000000007`lv=32`activity_type=undefined`activity=undefined`state=1`item_type=89004`item_id=`item_num=26826`coin_type=`coin_num=
file=item_log`t=2020-02-17 16:15:52`server_id=10001`rid=1000100000000007`lv=33`activity_type=undefined`activity=undefined`state=1`item_type=89004`item_id=`item_num=27671`coin_type=`coin_num=
file=item_log`t=2020-02-17 16:15:52`server_id=10001`rid=1000100000000007`lv=34`activity_type=undefined`activity=undefined`state=1`item_type=89004`item_id=`item_num=28256`coin_type=`coin_num=
file=item_log`t=2020-02-17 16:15:53`server_id=10001`rid=1000100000000007`lv=35`activity_type=undefined`activity=undefined`state=1`item_type=89004`item_id=`item_num=29355`coin_type=`coin_num=
file=item_log`t=2020-02-17 16:15:53`server_id=10001`rid=1000100000000007`lv=36`activity_type=undefined`activity=undefined`state=1`item_type=89004`item_id=`item_num=29703`coin_type=`coin_num=
file=item_log`t=2020-02-17 16:15:53`server_id=10001`rid=1000100000000007`lv=37`activity_type=undefined`activity=undefined`state=1`item_type=89004`item_id=`item_num=31061`coin_type=`coin_num=
file=item_log`t=2020-02-17 16:15:53`server_id=10001`rid=1000100000000007`lv=38`activity_type=undefined`activity=undefined`state=1`item_type=89004`item_id=`item_num=31168`coin_type=`coin_num=
file=item_log`t=2020-02-17 16:15:54`server_id=10001`rid=1000100000000007`lv=39`activity_type=undefined`activity=undefined`state=1`item_type=89004`item_id=`item_num=32649`coin_type=`coin_num=
file=item_log`t=2020-02-17 16:15:54`server_id=10001`rid=1000100000000007`lv=40`activity_type=undefined`activity=undefined`state=1`item_type=89004`item_id=`item_num=32787`coin_type=`coin_num=
file=item_log`t=2020-02-17 16:15:54`server_id=10001`rid=1000100000000007`lv=41`activity_type=undefined`activity=undefined`state=1`item_type=89004`item_id=`item_num=34149`coin_type=`coin_num=
file=item_log`t=2020-02-17 16:15:55`server_id=10001`rid=1000100000000007`lv=42`activity_type=undefined`activity=undefined`state=1`item_type=89004`item_id=`item_num=34535`coin_type=`coin_num=
file=item_log`t=2020-02-17 16:15:55`server_id=10001`rid=1000100000000007`lv=43`activity_type=undefined`activity=undefined`state=1`item_type=89004`item_id=`item_num=35665`coin_type=`coin_num=
file=item_log`t=2020-02-17 16:15:55`server_id=10001`rid=1000100000000007`lv=44`activity_type=undefined`activity=undefined`state=1`item_type=89004`item_id=`item_num=36304`coin_type=`coin_num=
file=item_log`t=2020-02-17 16:15:56`server_id=10001`rid=1000100000000007`lv=45`activity_type=undefined`activity=undefined`state=1`item_type=89004`item_id=`item_num=37198`coin_type=`coin_num=
file=item_log`t=2020-02-17 16:15:56`server_id=10001`rid=1000100000000007`lv=46`activity_type=undefined`activity=undefined`state=1`item_type=89004`item_id=`item_num=38094`coin_type=`coin_num=
file=item_log`t=2020-02-17 16:15:56`server_id=10001`rid=1000100000000007`lv=47`activity_type=undefined`activity=undefined`state=1`item_type=89004`item_id=`item_num=38749`coin_type=`coin_num=
file=item_log`t=2020-02-17 16:15:57`server_id=10001`rid=1000100000000007`lv=48`activity_type=undefined`activity=undefined`state=1`item_type=89004`item_id=`item_num=39905`coin_type=`coin_num=
file=item_log`t=2020-02-17 16:15:57`server_id=10001`rid=1000100000000007`lv=49`activity_type=undefined`activity=undefined`state=1`item_type=89004`item_id=`item_num=40317`coin_type=`coin_num=
file=item_log`t=2020-02-17 16:15:57`server_id=10001`rid=1000100000000007`lv=50`activity_type=undefined`activity=undefined`state=1`item_type=89004`item_id=`item_num=41737`coin_type=`coin_num=
file=item_log`t=2020-02-17 16:15:58`server_id=10001`rid=1000100000000007`lv=51`activity_type=undefined`activity=undefined`state=1`item_type=89004`item_id=`item_num=41903`coin_type=`coin_num=
file=item_log`t=2020-02-17 16:15:58`server_id=10001`rid=1000100000000007`lv=52`activity_type=undefined`activity=undefined`state=1`item_type=89004`item_id=`item_num=43506`coin_type=`coin_num=
file=item_log`t=2020-02-17 16:15:58`server_id=10001`rid=1000100000000007`lv=53`activity_type=undefined`activity=undefined`state=1`item_type=89004`item_id=`item_num=43590`coin_type=`coin_num=
file=item_log`t=2020-02-17 16:15:58`server_id=10001`rid=1000100000000007`lv=54`activity_type=undefined`activity=undefined`state=1`item_type=89004`item_id=`item_num=45126`coin_type=`coin_num=
file=item_log`t=2020-02-17 16:15:59`server_id=10001`rid=1000100000000007`lv=55`activity_type=undefined`activity=undefined`state=1`item_type=89004`item_id=`item_num=45465`coin_type=`coin_num=
file=item_log`t=2020-02-17 16:15:59`server_id=10001`rid=1000100000000007`lv=56`activity_type=undefined`activity=undefined`state=1`item_type=89004`item_id=`item_num=46763`coin_type=`coin_num=
file=item_log`t=2020-02-17 16:15:59`server_id=10001`rid=1000100000000007`lv=57`activity_type=undefined`activity=undefined`state=1`item_type=89004`item_id=`item_num=47360`coin_type=`coin_num=
file=item_log`t=2020-02-17 16:16:00`server_id=10001`rid=1000100000000007`lv=58`activity_type=undefined`activity=undefined`state=1`item_type=89004`item_id=`item_num=48417`coin_type=`coin_num=
file=item_log`t=2020-02-17 16:16:00`server_id=10001`rid=1000100000000007`lv=59`activity_type=mail`activity=achievement`state=1`item_type=10044`item_id=`item_num=5`coin_type=`coin_num=
file=item_log`t=2020-02-17 16:16:00`server_id=10001`rid=1000100000000007`lv=59`activity_type=undefined`activity=undefined`state=1`item_type=89004`item_id=`item_num=49277`coin_type=`coin_num=
file=item_log`t=2020-02-17 16:16:00`server_id=10001`rid=1000100000000007`lv=60`activity_type=undefined`activity=undefined`state=1`item_type=89004`item_id=`item_num=50089`coin_type=`coin_num=
file=item_log`t=2020-02-17 16:16:01`server_id=10001`rid=1000100000000007`lv=61`activity_type=undefined`activity=undefined`state=1`item_type=89004`item_id=`item_num=51215`coin_type=`coin_num=
file=item_log`t=2020-02-17 16:16:01`server_id=10001`rid=1000100000000007`lv=62`activity_type=undefined`activity=undefined`state=1`item_type=89004`item_id=`item_num=51390`coin_type=`coin_num=
file=item_log`t=2020-02-17 16:16:01`server_id=10001`rid=1000100000000007`lv=63`activity_type=undefined`activity=undefined`state=1`item_type=89004`item_id=`item_num=51778`coin_type=`coin_num=
file=item_log`t=2020-02-17 16:16:02`server_id=10001`rid=1000100000000007`lv=64`activity_type=undefined`activity=undefined`state=1`item_type=89004`item_id=`item_num=52083`coin_type=`coin_num=
file=item_log`t=2020-02-17 16:16:02`server_id=10001`rid=1000100000000007`lv=65`activity_type=undefined`activity=undefined`state=1`item_type=89004`item_id=`item_num=52407`coin_type=`coin_num=
file=item_log`t=2020-02-17 16:16:02`server_id=10001`rid=1000100000000007`lv=66`activity_type=undefined`activity=undefined`state=1`item_type=89004`item_id=`item_num=52448`coin_type=`coin_num=
file=item_log`t=2020-02-17 16:16:03`server_id=10001`rid=1000100000000007`lv=67`activity_type=undefined`activity=undefined`state=1`item_type=89004`item_id=`item_num=52731`coin_type=`coin_num=
file=item_log`t=2020-02-17 16:16:03`server_id=10001`rid=1000100000000007`lv=68`activity_type=undefined`activity=undefined`state=1`item_type=89004`item_id=`item_num=53055`coin_type=`coin_num=
file=item_log`t=2020-02-17 16:16:03`server_id=10001`rid=1000100000000007`lv=69`activity_type=undefined`activity=undefined`state=1`item_type=89004`item_id=`item_num=53174`coin_type=`coin_num=
file=item_log`t=2020-02-17 16:16:03`server_id=10001`rid=1000100000000007`lv=70`activity_type=undefined`activity=undefined`state=1`item_type=89004`item_id=`item_num=55154`coin_type=`coin_num=
file=item_log`t=2020-02-17 16:16:04`server_id=10001`rid=1000100000000007`lv=71`activity_type=undefined`activity=undefined`state=1`item_type=89004`item_id=`item_num=57155`coin_type=`coin_num=
file=item_log`t=2020-02-17 16:16:04`server_id=10001`rid=1000100000000007`lv=72`activity_type=undefined`activity=undefined`state=1`item_type=89004`item_id=`item_num=59177`coin_type=`coin_num=
file=item_log`t=2020-02-17 16:16:04`server_id=10001`rid=1000100000000007`lv=73`activity_type=undefined`activity=undefined`state=1`item_type=89004`item_id=`item_num=61220`coin_type=`coin_num=
file=item_log`t=2020-02-17 16:16:05`server_id=10001`rid=1000100000000007`lv=74`activity_type=undefined`activity=undefined`state=1`item_type=89004`item_id=`item_num=62810`coin_type=`coin_num=
file=item_log`t=2020-02-17 16:16:05`server_id=10001`rid=1000100000000007`lv=75`activity_type=undefined`activity=undefined`state=1`item_type=89004`item_id=`item_num=63285`coin_type=`coin_num=
file=item_log`t=2020-02-17 16:16:05`server_id=10001`rid=1000100000000007`lv=76`activity_type=undefined`activity=undefined`state=1`item_type=89004`item_id=`item_num=63657`coin_type=`coin_num=
file=item_log`t=2020-02-17 16:16:06`server_id=10001`rid=1000100000000007`lv=77`activity_type=undefined`activity=undefined`state=1`item_type=89004`item_id=`item_num=64053`coin_type=`coin_num=
file=item_log`t=2020-02-17 16:16:06`server_id=10001`rid=1000100000000007`lv=78`activity_type=undefined`activity=undefined`state=1`item_type=89004`item_id=`item_num=64103`coin_type=`coin_num=
file=item_log`t=2020-02-17 16:16:06`server_id=10001`rid=1000100000000007`lv=79`activity_type=undefined`activity=undefined`state=1`item_type=89004`item_id=`item_num=64449`coin_type=`coin_num=
file=item_log`t=2020-02-17 16:16:07`server_id=10001`rid=1000100000000007`lv=80`activity_type=undefined`activity=undefined`state=1`item_type=89004`item_id=`item_num=64845`coin_type=`coin_num=
file=item_log`t=2020-02-17 16:16:07`server_id=10001`rid=1000100000000007`lv=81`activity_type=undefined`activity=undefined`state=1`item_type=89004`item_id=`item_num=123004`coin_type=`coin_num=
file=item_log`t=2020-02-17 16:16:07`server_id=10001`rid=1000100000000007`lv=82`activity_type=undefined`activity=undefined`state=1`item_type=89004`item_id=`item_num=126730`coin_type=`coin_num=
file=item_log`t=2020-02-17 16:16:08`server_id=10001`rid=1000100000000007`lv=83`activity_type=undefined`activity=undefined`state=1`item_type=89004`item_id=`item_num=130532`coin_type=`coin_num=
file=item_log`t=2020-02-17 16:16:08`server_id=10001`rid=1000100000000007`lv=84`activity_type=undefined`activity=undefined`state=1`item_type=89004`item_id=`item_num=134412`coin_type=`coin_num=
file=item_log`t=2020-02-17 16:16:08`server_id=10001`rid=1000100000000007`lv=85`activity_type=undefined`activity=undefined`state=1`item_type=89004`item_id=`item_num=146190`coin_type=`coin_num=
file=item_log`t=2020-02-17 16:16:08`server_id=10001`rid=1000100000000007`lv=86`activity_type=undefined`activity=undefined`state=1`item_type=89004`item_id=`item_num=150126`coin_type=`coin_num=
file=item_log`t=2020-02-17 16:16:09`server_id=10001`rid=1000100000000007`lv=87`activity_type=undefined`activity=undefined`state=1`item_type=89004`item_id=`item_num=150339`coin_type=`coin_num=
file=item_log`t=2020-02-17 16:16:09`server_id=10001`rid=1000100000000007`lv=88`activity_type=undefined`activity=undefined`state=1`item_type=89004`item_id=`item_num=153017`coin_type=`coin_num=
file=item_log`t=2020-02-17 16:16:09`server_id=10001`rid=1000100000000007`lv=89`activity_type=undefined`activity=undefined`state=1`item_type=89004`item_id=`item_num=154892`coin_type=`coin_num=
file=item_log`t=2020-02-17 16:16:10`server_id=10001`rid=1000100000000007`lv=90`activity_type=undefined`activity=undefined`state=1`item_type=89004`item_id=`item_num=159539`coin_type=`coin_num=
file=item_log`t=2020-02-17 16:16:10`server_id=10001`rid=1000100000000007`lv=91`activity_type=undefined`activity=undefined`state=1`item_type=89004`item_id=`item_num=164051`coin_type=`coin_num=
file=item_log`t=2020-02-17 16:16:10`server_id=10001`rid=1000100000000007`lv=92`activity_type=undefined`activity=undefined`state=1`item_type=89004`item_id=`item_num=164281`coin_type=`coin_num=
file=item_log`t=2020-02-17 16:16:11`server_id=10001`rid=1000100000000007`lv=93`activity_type=undefined`activity=undefined`state=1`item_type=89004`item_id=`item_num=175450`coin_type=`coin_num=
file=item_log`t=2020-02-17 16:16:11`server_id=10001`rid=1000100000000007`lv=94`activity_type=undefined`activity=undefined`state=1`item_type=89004`item_id=`item_num=178677`coin_type=`coin_num=
file=item_log`t=2020-02-17 16:16:11`server_id=10001`rid=1000100000000007`lv=95`activity_type=undefined`activity=undefined`state=1`item_type=89004`item_id=`item_num=183487`coin_type=`coin_num=
file=item_log`t=2020-02-17 16:16:12`server_id=10001`rid=1000100000000007`lv=96`activity_type=undefined`activity=undefined`state=1`item_type=89004`item_id=`item_num=187021`coin_type=`coin_num=
file=item_log`t=2020-02-17 16:16:12`server_id=10001`rid=1000100000000007`lv=97`activity_type=undefined`activity=undefined`state=1`item_type=89004`item_id=`item_num=200507`coin_type=`coin_num=
file=item_log`t=2020-02-17 16:16:12`server_id=10001`rid=1000100000000007`lv=98`activity_type=undefined`activity=undefined`state=1`item_type=89004`item_id=`item_num=214439`coin_type=`coin_num=
file=item_log`t=2020-02-17 16:16:13`server_id=10001`rid=1000100000000007`lv=99`activity_type=undefined`activity=undefined`state=1`item_type=89004`item_id=`item_num=215419`coin_type=`coin_num=
file=item_log`t=2020-02-17 16:16:13`server_id=10001`rid=1000100000000007`lv=100`activity_type=undefined`activity=undefined`state=1`item_type=89004`item_id=`item_num=263289`coin_type=`coin_num=
file=item_log`t=2020-02-17 16:16:13`server_id=10001`rid=1000100000000007`lv=101`activity_type=undefined`activity=undefined`state=1`item_type=89004`item_id=`item_num=308204`coin_type=`coin_num=
file=item_log`t=2020-02-17 16:16:13`server_id=10001`rid=1000100000000007`lv=102`activity_type=undefined`activity=undefined`state=1`item_type=89004`item_id=`item_num=316713`coin_type=`coin_num=
file=item_log`t=2020-02-17 16:16:14`server_id=10001`rid=1000100000000007`lv=103`activity_type=undefined`activity=undefined`state=1`item_type=89004`item_id=`item_num=327926`coin_type=`coin_num=
file=item_log`t=2020-02-17 16:16:14`server_id=10001`rid=1000100000000007`lv=104`activity_type=undefined`activity=undefined`state=1`item_type=89004`item_id=`item_num=339395`coin_type=`coin_num=
file=item_log`t=2020-02-17 16:16:14`server_id=10001`rid=1000100000000007`lv=105`activity_type=undefined`activity=undefined`state=1`item_type=89004`item_id=`item_num=348519`coin_type=`coin_num=
file=item_log`t=2020-02-17 16:16:15`server_id=10001`rid=1000100000000007`lv=106`activity_type=undefined`activity=undefined`state=1`item_type=89004`item_id=`item_num=363251`coin_type=`coin_num=
file=item_log`t=2020-02-17 16:16:15`server_id=10001`rid=1000100000000007`lv=107`activity_type=undefined`activity=undefined`state=1`item_type=89004`item_id=`item_num=372857`coin_type=`coin_num=
file=item_log`t=2020-02-17 16:16:15`server_id=10001`rid=1000100000000007`lv=108`activity_type=undefined`activity=undefined`state=1`item_type=89004`item_id=`item_num=376694`coin_type=`coin_num=
file=item_log`t=2020-02-17 16:16:16`server_id=10001`rid=1000100000000007`lv=109`activity_type=undefined`activity=undefined`state=1`item_type=89004`item_id=`item_num=387093`coin_type=`coin_num=
file=item_log`t=2020-02-17 16:16:16`server_id=10001`rid=1000100000000007`lv=110`activity_type=undefined`activity=undefined`state=1`item_type=89004`item_id=`item_num=387485`coin_type=`coin_num=
file=item_log`t=2020-02-17 16:16:16`server_id=10001`rid=1000100000000007`lv=111`activity_type=undefined`activity=undefined`state=1`item_type=89004`item_id=`item_num=400799`coin_type=`coin_num=
file=item_log`t=2020-02-17 16:16:17`server_id=10001`rid=1000100000000007`lv=112`activity_type=undefined`activity=undefined`state=1`item_type=89004`item_id=`item_num=402476`coin_type=`coin_num=
file=item_log`t=2020-02-17 16:16:17`server_id=10001`rid=1000100000000007`lv=113`activity_type=undefined`activity=undefined`state=1`item_type=89004`item_id=`item_num=414816`coin_type=`coin_num=
file=item_log`t=2020-02-17 16:16:17`server_id=10001`rid=1000100000000007`lv=114`activity_type=undefined`activity=undefined`state=1`item_type=89004`item_id=`item_num=425968`coin_type=`coin_num=
file=item_log`t=2020-02-17 16:16:18`server_id=10001`rid=1000100000000007`lv=115`activity_type=undefined`activity=undefined`state=1`item_type=89004`item_id=`item_num=443973`coin_type=`coin_num=
file=item_log`t=2020-02-17 16:16:18`server_id=10001`rid=1000100000000007`lv=116`activity_type=undefined`activity=undefined`state=1`item_type=89004`item_id=`item_num=455714`coin_type=`coin_num=
file=item_log`t=2020-02-17 16:16:18`server_id=10001`rid=1000100000000007`lv=117`activity_type=undefined`activity=undefined`state=1`item_type=89004`item_id=`item_num=473593`coin_type=`coin_num=
file=item_log`t=2020-02-17 16:16:18`server_id=10001`rid=1000100000000007`lv=118`activity_type=undefined`activity=undefined`state=1`item_type=89004`item_id=`item_num=491915`coin_type=`coin_num=
file=item_log`t=2020-02-17 16:16:19`server_id=10001`rid=1000100000000007`lv=119`activity_type=undefined`activity=undefined`state=1`item_type=89004`item_id=`item_num=492804`coin_type=`coin_num=
file=item_log`t=2020-02-17 16:16:19`server_id=10001`rid=1000100000000007`lv=120`activity_type=undefined`activity=undefined`state=1`item_type=89004`item_id=`item_num=602316`coin_type=`coin_num=
file=item_log`t=2020-02-17 16:16:19`server_id=10001`rid=1000100000000007`lv=121`activity_type=undefined`activity=undefined`state=1`item_type=89004`item_id=`item_num=608066`coin_type=`coin_num=
file=item_log`t=2020-02-17 16:16:20`server_id=10001`rid=1000100000000007`lv=122`activity_type=undefined`activity=undefined`state=1`item_type=89004`item_id=`item_num=652146`coin_type=`coin_num=
file=item_log`t=2020-02-17 16:16:20`server_id=10001`rid=1000100000000007`lv=123`activity_type=undefined`activity=undefined`state=1`item_type=89004`item_id=`item_num=700417`coin_type=`coin_num=
file=item_log`t=2020-02-17 16:16:20`server_id=10001`rid=1000100000000007`lv=124`activity_type=undefined`activity=undefined`state=1`item_type=89004`item_id=`item_num=743192`coin_type=`coin_num=
file=item_log`t=2020-02-17 16:16:21`server_id=10001`rid=1000100000000007`lv=125`activity_type=undefined`activity=undefined`state=1`item_type=89004`item_id=`item_num=749380`coin_type=`coin_num=
file=item_log`t=2020-02-17 16:16:21`server_id=10001`rid=1000100000000007`lv=126`activity_type=undefined`activity=undefined`state=1`item_type=89004`item_id=`item_num=775960`coin_type=`coin_num=
file=item_log`t=2020-02-17 16:16:21`server_id=10001`rid=1000100000000007`lv=127`activity_type=undefined`activity=undefined`state=1`item_type=89004`item_id=`item_num=790098`coin_type=`coin_num=
file=item_log`t=2020-02-17 16:16:22`server_id=10001`rid=1000100000000007`lv=128`activity_type=undefined`activity=undefined`state=1`item_type=89004`item_id=`item_num=795323`coin_type=`coin_num=
file=item_log`t=2020-02-17 16:16:22`server_id=10001`rid=1000100000000007`lv=129`activity_type=undefined`activity=undefined`state=1`item_type=89004`item_id=`item_num=797068`coin_type=`coin_num=
file=item_log`t=2020-02-17 16:16:22`server_id=10001`rid=1000100000000007`lv=130`activity_type=undefined`activity=undefined`state=1`item_type=89004`item_id=`item_num=804492`coin_type=`coin_num=
file=item_log`t=2020-02-17 16:16:23`server_id=10001`rid=1000100000000007`lv=131`activity_type=undefined`activity=undefined`state=1`item_type=89004`item_id=`item_num=819149`coin_type=`coin_num=
file=item_log`t=2020-02-17 16:16:23`server_id=10001`rid=1000100000000007`lv=132`activity_type=undefined`activity=undefined`state=1`item_type=89004`item_id=`item_num=834074`coin_type=`coin_num=
file=item_log`t=2020-02-17 16:16:23`server_id=10001`rid=1000100000000007`lv=133`activity_type=undefined`activity=undefined`state=1`item_type=89004`item_id=`item_num=849274`coin_type=`coin_num=
file=item_log`t=2020-02-17 16:16:23`server_id=10001`rid=1000100000000007`lv=134`activity_type=undefined`activity=undefined`state=1`item_type=89004`item_id=`item_num=854207`coin_type=`coin_num=
file=item_log`t=2020-02-17 16:16:24`server_id=10001`rid=1000100000000007`lv=135`activity_type=undefined`activity=undefined`state=1`item_type=89004`item_id=`item_num=856065`coin_type=`coin_num=
file=item_log`t=2020-02-17 16:16:24`server_id=10001`rid=1000100000000007`lv=136`activity_type=undefined`activity=undefined`state=1`item_type=89004`item_id=`item_num=873911`coin_type=`coin_num=
file=item_log`t=2020-02-17 16:16:24`server_id=10001`rid=1000100000000007`lv=137`activity_type=undefined`activity=undefined`state=1`item_type=89004`item_id=`item_num=915909`coin_type=`coin_num=
file=item_log`t=2020-02-17 16:16:25`server_id=10001`rid=1000100000000007`lv=138`activity_type=undefined`activity=undefined`state=1`item_type=89004`item_id=`item_num=917937`coin_type=`coin_num=
file=item_log`t=2020-02-17 16:16:25`server_id=10001`rid=1000100000000007`lv=139`activity_type=undefined`activity=undefined`state=1`item_type=89004`item_id=`item_num=948395`coin_type=`coin_num=
file=item_log`t=2020-02-17 16:16:25`server_id=10001`rid=1000100000000007`lv=140`activity_type=undefined`activity=undefined`state=1`item_type=89004`item_id=`item_num=965675`coin_type=`coin_num=
file=item_log`t=2020-02-17 16:16:26`server_id=10001`rid=1000100000000007`lv=141`activity_type=undefined`activity=undefined`state=1`item_type=89004`item_id=`item_num=965830`coin_type=`coin_num=
file=item_log`t=2020-02-17 16:16:26`server_id=10001`rid=1000100000000007`lv=142`activity_type=undefined`activity=undefined`state=1`item_type=89004`item_id=`item_num=972061`coin_type=`coin_num=
file=item_log`t=2020-02-17 16:16:26`server_id=10001`rid=1000100000000007`lv=143`activity_type=undefined`activity=undefined`state=1`item_type=89004`item_id=`item_num=982425`coin_type=`coin_num=
file=item_log`t=2020-02-17 16:16:27`server_id=10001`rid=1000100000000007`lv=144`activity_type=undefined`activity=undefined`state=1`item_type=89004`item_id=`item_num=983268`coin_type=`coin_num=
file=item_log`t=2020-02-17 16:16:27`server_id=10001`rid=1000100000000007`lv=145`activity_type=undefined`activity=undefined`state=1`item_type=89004`item_id=`item_num=983997`coin_type=`coin_num=
file=item_log`t=2020-02-17 16:16:27`server_id=10001`rid=1000100000000007`lv=146`activity_type=undefined`activity=undefined`state=1`item_type=89004`item_id=`item_num=1001182`coin_type=`coin_num=
file=item_log`t=2020-02-17 16:16:28`server_id=10001`rid=1000100000000007`lv=147`activity_type=undefined`activity=undefined`state=1`item_type=89004`item_id=`item_num=1002518`coin_type=`coin_num=
file=item_log`t=2020-02-17 16:16:28`server_id=10001`rid=1000100000000007`lv=148`activity_type=undefined`activity=undefined`state=1`item_type=89004`item_id=`item_num=1019424`coin_type=`coin_num=
file=item_log`t=2020-02-17 16:16:28`server_id=10001`rid=1000100000000007`lv=149`activity_type=undefined`activity=undefined`state=1`item_type=89004`item_id=`item_num=1021399`coin_type=`coin_num=
file=item_log`t=2020-02-17 16:16:28`server_id=10001`rid=1000100000000007`lv=150`activity_type=undefined`activity=undefined`state=1`item_type=89004`item_id=`item_num=1038001`coin_type=`coin_num=
file=item_log`t=2020-02-17 16:16:29`server_id=10001`rid=1000100000000007`lv=151`activity_type=undefined`activity=undefined`state=1`item_type=89004`item_id=`item_num=1040649`coin_type=`coin_num=
file=item_log`t=2020-02-17 16:16:29`server_id=10001`rid=1000100000000007`lv=152`activity_type=undefined`activity=undefined`state=1`item_type=89004`item_id=`item_num=1044030`coin_type=`coin_num=
file=item_log`t=2020-02-17 16:16:29`server_id=10001`rid=1000100000000007`lv=153`activity_type=undefined`activity=undefined`state=1`item_type=89004`item_id=`item_num=1068113`coin_type=`coin_num=
file=item_log`t=2020-02-17 16:16:30`server_id=10001`rid=1000100000000007`lv=154`activity_type=undefined`activity=undefined`state=1`item_type=89004`item_id=`item_num=1069338`coin_type=`coin_num=
file=item_log`t=2020-02-17 16:16:30`server_id=10001`rid=1000100000000007`lv=155`activity_type=undefined`activity=undefined`state=1`item_type=89004`item_id=`item_num=1089572`coin_type=`coin_num=
file=item_log`t=2020-02-17 16:16:30`server_id=10001`rid=1000100000000007`lv=156`activity_type=undefined`activity=undefined`state=1`item_type=89004`item_id=`item_num=1110208`coin_type=`coin_num=
file=item_log`t=2020-02-17 16:16:31`server_id=10001`rid=1000100000000007`lv=157`activity_type=undefined`activity=undefined`state=1`item_type=89004`item_id=`item_num=1121923`coin_type=`coin_num=
file=item_log`t=2020-02-17 16:16:31`server_id=10001`rid=1000100000000007`lv=158`activity_type=undefined`activity=undefined`state=1`item_type=89004`item_id=`item_num=1131254`coin_type=`coin_num=
file=item_log`t=2020-02-17 16:16:31`server_id=10001`rid=1000100000000007`lv=159`activity_type=undefined`activity=undefined`state=1`item_type=89004`item_id=`item_num=1152722`coin_type=`coin_num=
file=item_log`t=2020-02-17 16:16:32`server_id=10001`rid=1000100000000007`lv=160`activity_type=undefined`activity=undefined`state=1`item_type=89004`item_id=`item_num=1174619`coin_type=`coin_num=
file=item_log`t=2020-02-17 16:16:32`server_id=10001`rid=1000100000000007`lv=161`activity_type=undefined`activity=undefined`state=1`item_type=89004`item_id=`item_num=1180458`coin_type=`coin_num=
file=item_log`t=2020-02-17 16:16:32`server_id=10001`rid=1000100000000007`lv=162`activity_type=undefined`activity=undefined`state=1`item_type=89004`item_id=`item_num=1196958`coin_type=`coin_num=
file=item_log`t=2020-02-17 16:16:33`server_id=10001`rid=1000100000000007`lv=163`activity_type=undefined`activity=undefined`state=1`item_type=89004`item_id=`item_num=1200741`coin_type=`coin_num=
file=item_log`t=2020-02-17 16:16:33`server_id=10001`rid=1000100000000007`lv=164`activity_type=undefined`activity=undefined`state=1`item_type=89004`item_id=`item_num=1202663`coin_type=`coin_num=
file=item_log`t=2020-02-17 16:16:33`server_id=10001`rid=1000100000000007`lv=165`activity_type=undefined`activity=undefined`state=1`item_type=89004`item_id=`item_num=1219748`coin_type=`coin_num=
file=item_log`t=2020-02-17 16:16:33`server_id=10001`rid=1000100000000007`lv=166`activity_type=undefined`activity=undefined`state=1`item_type=89004`item_id=`item_num=1225299`coin_type=`coin_num=
file=item_log`t=2020-02-17 16:16:34`server_id=10001`rid=1000100000000007`lv=167`activity_type=undefined`activity=undefined`state=1`item_type=89004`item_id=`item_num=1243000`coin_type=`coin_num=
file=item_log`t=2020-02-17 16:16:34`server_id=10001`rid=1000100000000007`lv=168`activity_type=undefined`activity=undefined`state=1`item_type=89004`item_id=`item_num=1248376`coin_type=`coin_num=
file=item_log`t=2020-02-17 16:16:34`server_id=10001`rid=1000100000000007`lv=169`activity_type=undefined`activity=undefined`state=1`item_type=89004`item_id=`item_num=1266726`coin_type=`coin_num=
file=item_log`t=2020-02-17 16:16:35`server_id=10001`rid=1000100000000007`lv=170`activity_type=undefined`activity=undefined`state=1`item_type=89004`item_id=`item_num=1271905`coin_type=`coin_num=
file=item_log`t=2020-02-17 16:16:35`server_id=10001`rid=1000100000000007`lv=171`activity_type=undefined`activity=undefined`state=1`item_type=89004`item_id=`item_num=1290936`coin_type=`coin_num=
file=item_log`t=2020-02-17 16:16:35`server_id=10001`rid=1000100000000007`lv=172`activity_type=undefined`activity=undefined`state=1`item_type=89004`item_id=`item_num=1306969`coin_type=`coin_num=
file=item_log`t=2020-02-17 16:16:36`server_id=10001`rid=1000100000000007`lv=173`activity_type=undefined`activity=undefined`state=1`item_type=89004`item_id=`item_num=1315642`coin_type=`coin_num=
file=item_log`t=2020-02-17 16:16:36`server_id=10001`rid=1000100000000007`lv=174`activity_type=undefined`activity=undefined`state=1`item_type=89004`item_id=`item_num=1331700`coin_type=`coin_num=
file=item_log`t=2020-02-17 16:16:36`server_id=10001`rid=1000100000000007`lv=175`activity_type=undefined`activity=undefined`state=1`item_type=89004`item_id=`item_num=1340857`coin_type=`coin_num=
file=item_log`t=2020-02-17 16:16:37`server_id=10001`rid=1000100000000007`lv=176`activity_type=undefined`activity=undefined`state=1`item_type=89004`item_id=`item_num=1356921`coin_type=`coin_num=
file=item_log`t=2020-02-17 16:16:37`server_id=10001`rid=1000100000000007`lv=177`activity_type=undefined`activity=undefined`state=1`item_type=89004`item_id=`item_num=1366592`coin_type=`coin_num=
file=item_log`t=2020-02-17 16:16:37`server_id=10001`rid=1000100000000007`lv=178`activity_type=undefined`activity=undefined`state=1`item_type=89004`item_id=`item_num=1382644`coin_type=`coin_num=
file=item_log`t=2020-02-17 16:16:38`server_id=10001`rid=1000100000000007`lv=179`activity_type=undefined`activity=undefined`state=1`item_type=89004`item_id=`item_num=1392861`coin_type=`coin_num=
file=item_log`t=2020-02-17 16:16:38`server_id=10001`rid=1000100000000007`lv=180`activity_type=undefined`activity=undefined`state=1`item_type=89004`item_id=`item_num=1408882`coin_type=`coin_num=
file=item_log`t=2020-02-17 16:16:38`server_id=10001`rid=1000100000000007`lv=181`activity_type=undefined`activity=undefined`state=1`item_type=89004`item_id=`item_num=1419675`coin_type=`coin_num=
file=item_log`t=2020-02-17 16:16:38`server_id=10001`rid=1000100000000007`lv=182`activity_type=undefined`activity=undefined`state=1`item_type=89004`item_id=`item_num=1435646`coin_type=`coin_num=
file=item_log`t=2020-02-17 16:16:39`server_id=10001`rid=1000100000000007`lv=183`activity_type=undefined`activity=undefined`state=1`item_type=89004`item_id=`item_num=1447049`coin_type=`coin_num=
file=item_log`t=2020-02-17 16:16:39`server_id=10001`rid=1000100000000007`lv=184`activity_type=undefined`activity=undefined`state=1`item_type=89004`item_id=`item_num=1462949`coin_type=`coin_num=
file=item_log`t=2020-02-17 16:16:39`server_id=10001`rid=1000100000000007`lv=185`activity_type=undefined`activity=undefined`state=1`item_type=89004`item_id=`item_num=1474996`coin_type=`coin_num=
file=item_log`t=2020-02-17 16:16:40`server_id=10001`rid=1000100000000007`lv=186`activity_type=undefined`activity=undefined`state=1`item_type=89004`item_id=`item_num=1490803`coin_type=`coin_num=
file=item_log`t=2020-02-17 16:16:40`server_id=10001`rid=1000100000000007`lv=187`activity_type=undefined`activity=undefined`state=1`item_type=89004`item_id=`item_num=1503529`coin_type=`coin_num=
file=item_log`t=2020-02-17 16:16:40`server_id=10001`rid=1000100000000007`lv=188`activity_type=undefined`activity=undefined`state=1`item_type=89004`item_id=`item_num=1519222`coin_type=`coin_num=
file=item_log`t=2020-02-17 16:16:41`server_id=10001`rid=1000100000000007`lv=189`activity_type=undefined`activity=undefined`state=1`item_type=89004`item_id=`item_num=1548220`coin_type=`coin_num=
file=item_log`t=2020-02-17 16:16:41`server_id=10001`rid=1000100000000007`lv=190`activity_type=undefined`activity=undefined`state=1`item_type=89004`item_id=`item_num=1576271`coin_type=`coin_num=
file=item_log`t=2020-02-17 16:16:41`server_id=10001`rid=1000100000000007`lv=191`activity_type=undefined`activity=undefined`state=1`item_type=89004`item_id=`item_num=1577811`coin_type=`coin_num=
file=item_log`t=2020-02-17 16:16:42`server_id=10001`rid=1000100000000007`lv=192`activity_type=undefined`activity=undefined`state=1`item_type=89004`item_id=`item_num=1608007`coin_type=`coin_num=
file=item_log`t=2020-02-17 16:16:42`server_id=10001`rid=1000100000000007`lv=193`activity_type=undefined`activity=undefined`state=1`item_type=89004`item_id=`item_num=1638825`coin_type=`coin_num=
file=item_log`t=2020-02-17 16:16:42`server_id=10001`rid=1000100000000007`lv=194`activity_type=undefined`activity=undefined`state=1`item_type=89004`item_id=`item_num=1670280`coin_type=`coin_num=
file=item_log`t=2020-02-17 16:16:43`server_id=10001`rid=1000100000000007`lv=195`activity_type=undefined`activity=undefined`state=1`item_type=89004`item_id=`item_num=1693899`coin_type=`coin_num=
file=item_log`t=2020-02-17 16:16:43`server_id=10001`rid=1000100000000007`lv=196`activity_type=undefined`activity=undefined`state=1`item_type=89004`item_id=`item_num=1702386`coin_type=`coin_num=
file=item_log`t=2020-02-17 16:16:43`server_id=10001`rid=1000100000000007`lv=197`activity_type=undefined`activity=undefined`state=1`item_type=89004`item_id=`item_num=1727633`coin_type=`coin_num=
file=item_log`t=2020-02-17 16:16:43`server_id=10001`rid=1000100000000007`lv=198`activity_type=undefined`activity=undefined`state=1`item_type=89004`item_id=`item_num=1735159`coin_type=`coin_num=
file=item_log`t=2020-02-17 16:16:44`server_id=10001`rid=1000100000000007`lv=199`activity_type=undefined`activity=undefined`state=1`item_type=89004`item_id=`item_num=1762098`coin_type=`coin_num=
file=online`t=2020-02-17 16:16:51`server_id=10001`num=1
file=item_log`t=2020-02-17 16:17:32`server_id=10001`rid=1000100000000007`lv=200`activity_type=undefined`activity=undefined`state=1`item_type=62644`item_id=1000100000000052`item_num=1`coin_type=`coin_num=
file=item_log`t=2020-02-17 16:17:42`server_id=10001`rid=1000100000000007`lv=200`activity_type=goods`activity=use`state=0`item_type=62644`item_id=1000100000000052`item_num=1`coin_type=`coin_num=
file=item_log`t=2020-02-17 16:21:44`server_id=10001`rid=1000100000000007`lv=200`activity_type=mail`activity=achievement`state=1`item_type=89002`item_id=`item_num=50`coin_type=`coin_num=
file=online`t=2020-02-17 16:21:51`server_id=10001`num=1
file=online`t=2020-02-17 16:26:51`server_id=10001`num=1
file=online`t=2020-02-17 16:29:46`server_id=10001`num=0
service=ny`t=2020-02-17 16:30:02`server_id=10001`uid=0`rid=0`lv=0`role_desc=`system=xs_task`action=issue`a1=sys`a2=`a3=`a4=80`a5=1145000
file=login`t=2020-02-17 16:32:01`server_id=10001`rid=1000100000000007`name=呼延韶华`account=d08016
file=item_log`t=2020-02-17 16:32:02`server_id=10001`rid=1000100000000007`lv=200`activity_type=mail`activity=achievement`state=1`item_type=10044`item_id=`item_num=5`coin_type=`coin_num=
file=item_log`t=2020-02-17 16:34:36`server_id=10001`rid=1000100000000007`lv=200`activity_type=mail`activity=achievement`state=1`item_type=89002`item_id=`item_num=50`coin_type=`coin_num=
file=online`t=2020-02-17 16:34:46`server_id=10001`num=1
file=item_log`t=2020-02-17 16:35:47`server_id=10001`rid=1000100000000007`lv=200`activity_type=undefined`activity=undefined`state=1`item_type=55100`item_id=1000100000000065`item_num=16`coin_type=`coin_num=
file=item_log`t=2020-02-17 16:36:24`server_id=10001`rid=1000100000000007`lv=200`activity_type=1`activity=2`state=0`item_type=55100`item_id=1000100000000065`item_num=1`coin_type=`coin_num=
file=item_log`t=2020-02-17 16:36:57`server_id=10001`rid=1000100000000007`lv=200`activity_type=1`activity=2`state=0`item_type=55100`item_id=1000100000000065`item_num=1`coin_type=`coin_num=
file=item_log`t=2020-02-17 16:37:55`server_id=10001`rid=1000100000000007`lv=200`activity_type=1`activity=2`state=0`item_type=55100`item_id=1000100000000065`item_num=1`coin_type=`coin_num=
file=online`t=2020-02-17 16:39:46`server_id=10001`num=1
file=logout`t=2020-02-17 16:40:06`server_id=10001`rid=1000100000000007`name=呼延韶华`account=d08016
file=online`t=2020-02-17 16:44:46`server_id=10001`num=0
file=online`t=2020-02-17 16:49:46`server_id=10001`num=0
service=ny`t=2020-02-17 16:54:03`server_id=10001`uid=0`rid=0`lv=0`role_desc=`system=xs_task`action=issue`a1=sys`a2=`a3=`a4=70`a5=1144000
file=online`t=2020-02-17 16:54:46`server_id=10001`num=0
file=online`t=2020-02-17 16:59:46`server_id=10001`num=0
