file=logout`t=2020-02-15 16:00:44`server_id=10001`rid=1000100000000001`name=闻人乐贤`account=123
file=online`t=2020-02-15 16:01:48`server_id=10001`num=0
file=logout`t=2020-02-15 16:01:56`server_id=10001`rid=1000100000000001`name=闻人乐贤`account=123
service=ny`t=2020-02-15 16:04:50`server_id=10001`uid=0`rid=0`lv=0`role_desc=`system=xs_task`action=issue`a1=sys`a2=`a3=`a4=60`a5=1143000
file=activity`t=2020-02-15 16:05:17`server_id=10001`rid=1000100000000002`activity_type=flash`activity=0
file=login`t=2020-02-15 16:05:19`server_id=10001`rid=1000100000000002`name=桑永思`account=1234
file=task`t=2020-02-15 16:05:39`rid=1000100000000002`lv=1`server_id=10001`activity_id=1021`action=1
file=task`t=2020-02-15 16:05:39`rid=1000100000000002`lv=1`server_id=10001`activity_id=1020`action=1
file=task`t=2020-02-15 16:05:39`rid=1000100000000002`lv=1`server_id=10001`activity_id=1019`action=1
file=task`t=2020-02-15 16:05:39`rid=1000100000000002`lv=1`server_id=10001`activity_id=1018`action=1
file=task`t=2020-02-15 16:05:39`rid=1000100000000002`lv=1`server_id=10001`activity_id=1017`action=1
file=task`t=2020-02-15 16:05:39`rid=1000100000000002`lv=1`server_id=10001`activity_id=1016`action=1
file=task`t=2020-02-15 16:05:39`rid=1000100000000002`lv=1`server_id=10001`activity_id=1015`action=1
file=task`t=2020-02-15 16:05:39`rid=1000100000000002`lv=1`server_id=10001`activity_id=1014`action=1
file=task`t=2020-02-15 16:05:39`rid=1000100000000002`lv=1`server_id=10001`activity_id=1013`action=1
file=task`t=2020-02-15 16:05:39`rid=1000100000000002`lv=1`server_id=10001`activity_id=1012`action=1
file=task`t=2020-02-15 16:05:39`rid=1000100000000002`lv=1`server_id=10001`activity_id=1011`action=1
file=task`t=2020-02-15 16:05:39`rid=1000100000000002`lv=1`server_id=10001`activity_id=1010`action=1
file=task`t=2020-02-15 16:05:39`rid=1000100000000002`lv=1`server_id=10001`activity_id=1009`action=1
file=task`t=2020-02-15 16:05:39`rid=1000100000000002`lv=1`server_id=10001`activity_id=1008`action=1
file=task`t=2020-02-15 16:05:39`rid=1000100000000002`lv=1`server_id=10001`activity_id=1007`action=1
file=task`t=2020-02-15 16:05:39`rid=1000100000000002`lv=1`server_id=10001`activity_id=1006`action=1
file=task`t=2020-02-15 16:05:39`rid=1000100000000002`lv=1`server_id=10001`activity_id=1005`action=1
file=task`t=2020-02-15 16:05:39`rid=1000100000000002`lv=1`server_id=10001`activity_id=1004`action=1
file=task`t=2020-02-15 16:05:39`rid=1000100000000002`lv=1`server_id=10001`activity_id=1003`action=1
file=task`t=2020-02-15 16:05:39`rid=1000100000000002`lv=1`server_id=10001`activity_id=1002`action=1
file=task`t=2020-02-15 16:05:39`rid=1000100000000002`lv=1`server_id=10001`activity_id=1001`action=1
file=task`t=2020-02-15 16:05:39`rid=1000100000000002`lv=1`server_id=10001`activity_id=1000001`action=1
file=task`t=2020-02-15 16:05:39`rid=1000100000000002`lv=1`server_id=10001`activity_id=1000001`action=2
file=item_log`t=2020-02-15 16:05:40`server_id=10001`rid=1000100000000002`lv=1`activity_type=pay`activity=create_role_reward`state=1`item_type=89001`item_id=0`item_num=38888`coin_type=`coin_num=
file=item_log`t=2020-02-15 16:05:40`server_id=10001`rid=1000100000000002`lv=1`activity_type=pay`activity=create_role_reward`state=1`item_type=89000`item_id=0`item_num=10000000`coin_type=`coin_num=
file=item_log`t=2020-02-15 16:05:40`server_id=10001`rid=1000100000000002`lv=1`activity_type=pay`activity=create_role_reward`state=1`item_type=60063`item_id=1000100000000005`item_num=688`coin_type=`coin_num=
file=item_log`t=2020-02-15 16:05:40`server_id=10001`rid=1000100000000002`lv=1`activity_type=pay`activity=create_role_reward`state=1`item_type=50038`item_id=1000100000000006`item_num=188`coin_type=`coin_num=
file=item_log`t=2020-02-15 16:05:40`server_id=10001`rid=1000100000000002`lv=1`activity_type=pay`activity=create_role_reward`state=1`item_type=50307`item_id=1000100000000007`item_num=68`coin_type=`coin_num=
file=item_log`t=2020-02-15 16:05:40`server_id=10001`rid=1000100000000002`lv=1`activity_type=pay`activity=create_role_reward`state=1`item_type=70011`item_id=1000100000000008`item_num=18`coin_type=`coin_num=
file=item_log`t=2020-02-15 16:06:33`server_id=10001`rid=1000100000000002`lv=1`activity_type=undefined`activity=undefined`state=1`item_type=89004`item_id=`item_num=4645`coin_type=`coin_num=
file=item_log`t=2020-02-15 16:06:34`server_id=10001`rid=1000100000000002`lv=2`activity_type=undefined`activity=undefined`state=1`item_type=89004`item_id=`item_num=6297`coin_type=`coin_num=
file=item_log`t=2020-02-15 16:06:34`server_id=10001`rid=1000100000000002`lv=3`activity_type=undefined`activity=undefined`state=1`item_type=89004`item_id=`item_num=6308`coin_type=`coin_num=
file=item_log`t=2020-02-15 16:06:34`server_id=10001`rid=1000100000000002`lv=4`activity_type=undefined`activity=undefined`state=1`item_type=89004`item_id=`item_num=7451`coin_type=`coin_num=
file=item_log`t=2020-02-15 16:06:34`server_id=10001`rid=1000100000000002`lv=5`activity_type=undefined`activity=undefined`state=1`item_type=89004`item_id=`item_num=7697`coin_type=`coin_num=
file=item_log`t=2020-02-15 16:06:35`server_id=10001`rid=1000100000000002`lv=6`activity_type=undefined`activity=undefined`state=1`item_type=89004`item_id=`item_num=8622`coin_type=`coin_num=
file=item_log`t=2020-02-15 16:06:35`server_id=10001`rid=1000100000000002`lv=7`activity_type=undefined`activity=undefined`state=1`item_type=89004`item_id=`item_num=9107`coin_type=`coin_num=
file=item_log`t=2020-02-15 16:06:35`server_id=10001`rid=1000100000000002`lv=8`activity_type=undefined`activity=undefined`state=1`item_type=89004`item_id=`item_num=9810`coin_type=`coin_num=
file=item_log`t=2020-02-15 16:06:36`server_id=10001`rid=1000100000000002`lv=9`activity_type=undefined`activity=undefined`state=1`item_type=89004`item_id=`item_num=10538`coin_type=`coin_num=
file=online`t=2020-02-15 16:06:48`server_id=10001`num=1
file=item_log`t=2020-02-15 16:09:08`server_id=10001`rid=1000100000000002`lv=10`activity_type=mail`activity=achievement`state=1`item_type=89002`item_id=`item_num=50`coin_type=`coin_num=
file=item_log`t=2020-02-15 16:09:09`server_id=10001`rid=1000100000000002`lv=10`activity_type=mail`activity=achievement`state=1`item_type=10044`item_id=`item_num=5`coin_type=`coin_num=
file=item_log`t=2020-02-15 16:10:21`server_id=10001`rid=1000100000000002`lv=10`activity_type=undefined`activity=undefined`state=1`item_type=55109`item_id=1000100000000015`item_num=5`coin_type=`coin_num=
file=online`t=2020-02-15 16:11:48`server_id=10001`num=1
file=item_log`t=2020-02-15 16:13:57`server_id=10001`rid=1000100000000002`lv=10`activity_type=undefined`activity=undefined`state=1`item_type=55100`item_id=1000100000000016`item_num=10`coin_type=`coin_num=
file=item_log`t=2020-02-15 16:14:02`server_id=10001`rid=1000100000000002`lv=10`activity_type=1`activity=2`state=0`item_type=55100`item_id=1000100000000016`item_num=1`coin_type=`coin_num=
file=item_log`t=2020-02-15 16:16:00`server_id=10001`rid=1000100000000002`lv=10`activity_type=1`activity=2`state=0`item_type=55100`item_id=1000100000000016`item_num=1`coin_type=`coin_num=
file=online`t=2020-02-15 16:16:48`server_id=10001`num=1
file=online`t=2020-02-15 16:21:08`server_id=10001`num=0
file=login`t=2020-02-15 16:21:23`server_id=10001`rid=1000100000000002`name=桑永思`account=1234
service=ny`t=2020-02-15 16:21:25`server_id=10001`uid=0`rid=0`lv=0`role_desc=`system=xs_task`action=issue`a1=sys`a2=`a3=`a4=70`a5=1144000
file=item_log`t=2020-02-15 16:22:00`server_id=10001`rid=1000100000000002`lv=10`activity_type=mail`activity=achievement`state=1`item_type=89002`item_id=`item_num=50`coin_type=`coin_num=
file=item_log`t=2020-02-15 16:22:00`server_id=10001`rid=1000100000000002`lv=10`activity_type=mail`activity=achievement`state=1`item_type=10044`item_id=`item_num=5`coin_type=`coin_num=
file=item_log`t=2020-02-15 16:24:59`server_id=10001`rid=1000100000000002`lv=10`activity_type=1`activity=2`state=0`item_type=55100`item_id=1000100000000016`item_num=1`coin_type=`coin_num=
file=online`t=2020-02-15 16:26:08`server_id=10001`num=1
file=item_log`t=2020-02-15 16:30:11`server_id=10001`rid=1000100000000002`lv=10`activity_type=1`activity=2`state=0`item_type=55109`item_id=1000100000000015`item_num=1`coin_type=`coin_num=
file=online`t=2020-02-15 16:31:08`server_id=10001`num=1
file=logout`t=2020-02-15 16:31:29`server_id=10001`rid=1000100000000002`name=桑永思`account=1234
file=online`t=2020-02-15 16:36:08`server_id=10001`num=0
file=online`t=2020-02-15 16:37:07`server_id=10001`num=0
service=ny`t=2020-02-15 16:37:23`server_id=10001`uid=0`rid=0`lv=0`role_desc=`system=xs_task`action=issue`a1=sys`a2=`a3=`a4=80`a5=1145000
file=online`t=2020-02-15 16:42:07`server_id=10001`num=0
file=online`t=2020-02-15 16:47:07`server_id=10001`num=0
file=online`t=2020-02-15 16:52:07`server_id=10001`num=0
file=online`t=2020-02-15 16:57:07`server_id=10001`num=0
