file=online`t=2020-02-22 18:01:03`server_id=10001`num=0
service=ny`t=2020-02-22 18:03:28`server_id=10001`uid=0`rid=0`lv=0`role_desc=`system=xs_task`action=issue`a1=sys`a2=`a3=`a4=40`a5=1141000
file=online`t=2020-02-22 18:06:03`server_id=10001`num=0
file=login`t=2020-02-22 18:10:41`server_id=10001`rid=1000100000000008`name=班瀛`account=gdc
file=item_log`t=2020-02-22 18:10:45`server_id=10001`rid=1000100000000008`lv=100`activity_type=offline_guaji`activity=off-line`state=1`item_type=89004`item_id=`item_num=1296000`coin_type=`coin_num=
file=online`t=2020-02-22 18:11:03`server_id=10001`num=1
file=online`t=2020-02-22 18:16:03`server_id=10001`num=1
file=online`t=2020-02-22 18:21:03`server_id=10001`num=1
file=online`t=2020-02-22 18:26:03`server_id=10001`num=1
service=ny`t=2020-02-22 18:27:29`server_id=10001`uid=0`rid=0`lv=0`role_desc=`system=xs_task`action=issue`a1=sys`a2=`a3=`a4=70`a5=1144000
file=online`t=2020-02-22 18:31:03`server_id=10001`num=1
file=online`t=2020-02-22 18:36:03`server_id=10001`num=1
file=online`t=2020-02-22 18:41:03`server_id=10001`num=1
file=online`t=2020-02-22 18:46:03`server_id=10001`num=1
file=logout`t=2020-02-22 18:47:34`server_id=10001`rid=1000100000000008`name=班瀛`account=gdc
file=login`t=2020-02-22 18:47:36`server_id=10001`rid=1000100000000008`name=班瀛`account=gdc
file=logout`t=2020-02-22 18:47:37`server_id=10001`rid=1000100000000008`name=班瀛`account=gdc
file=login`t=2020-02-22 18:48:16`server_id=10001`rid=1000100000000008`name=班瀛`account=gdc
file=logout`t=2020-02-22 18:48:17`server_id=10001`rid=1000100000000008`name=班瀛`account=gdc
file=online`t=2020-02-22 18:49:08`server_id=10001`num=0
file=login`t=2020-02-22 18:49:19`server_id=10001`rid=1000100000000008`name=班瀛`account=gdc
file=logout`t=2020-02-22 18:49:20`server_id=10001`rid=1000100000000008`name=班瀛`account=gdc
service=ny`t=2020-02-22 18:49:24`server_id=10001`uid=0`rid=0`lv=0`role_desc=`system=xs_task`action=issue`a1=sys`a2=`a3=`a4=80`a5=1145000
file=online`t=2020-02-22 18:51:18`server_id=10001`num=0
service=ny`t=2020-02-22 18:51:34`server_id=10001`uid=0`rid=0`lv=0`role_desc=`system=xs_task`action=issue`a1=sys`a2=`a3=`a4=40`a5=1141000
file=activity`t=2020-02-22 18:51:37`server_id=10001`rid=1000100000000009`activity_type=flash`activity=0
file=login`t=2020-02-22 18:51:38`server_id=10001`rid=1000100000000009`name=方安易`account=gdcd
file=logout`t=2020-02-22 18:51:38`server_id=10001`rid=1000100000000009`name=方安易`account=gdcd
file=online`t=2020-02-22 18:55:49`server_id=10001`num=0
file=login`t=2020-02-22 18:56:03`server_id=10001`rid=1000100000000008`name=班瀛`account=gdc
service=ny`t=2020-02-22 18:56:06`server_id=10001`uid=0`rid=0`lv=0`role_desc=`system=xs_task`action=issue`a1=sys`a2=`a3=`a4=70`a5=1144000
